LEM: log-linear and event history analysis with missing data.
Developed by Jeroen Vermunt (c), Tilburg University, The Netherlands.
Version 1.0 (September 18, 1997).


*** INPUT ***

  lat 1
man 4

dim 3 3 2 3 2
lab X P A C U
mod X 
               P|X 
               A|X eq2
               C|X eq2
               U|X eq2

des [0 0  0 0 -1 0
                0 0 -1 0  0 0 0 0 0
               -1 0  0 0  0 0]
sta A|X [.5 .5 .5 .5 0 1.0]
           sta C|X [.9 .1 0  .3 .3 .3 .3 .3 .3]
           sta U|X [1.0 0 .5 .5 .5 .5]

dat [419 71 35 25 2 5 270 42 25 16 4 5 23 6 4 2 1 0 43 9 9 3 2 2 26 1 3 2 0 0 85 13 23 12 6 8]
ite 10000
see 2726



*** STATISTICS ***

  Number of iterations = 240
  Converge criterion   = 0.0000009973
  Seed random values   = 2726

  X-squared            = 24.4546 (0.1407)
  L-squared            = 22.1326 (0.2261)
  Cressie-Read         = 23.3047 (0.1792)
  Dissimilarity index  = 0.0283
  Degrees of freedom   = 18
  Log-likelihood       = -2754.66571
  Number of parameters = 17 (+1)
  Sample size          = 1202.0
  BIC(L-squared)       = -105.5187
  AIC(L-squared)       = -13.8674
  BIC(log-likelihood)  = 5629.8910
  AIC(log-likelihood)  = 5543.3314

WARNING: no information is provided on identification of parameters



*** FREQUENCIES ***

  P A C U     observed  estimated  std. res.
  1 1 1 1     419.000    414.515      0.220
  1 1 1 2      71.000     69.163      0.221
  1 1 2 1      35.000     35.875     -0.146
  1 1 2 2      25.000     26.000     -0.196
  1 1 3 1       2.000      2.790     -0.473
  1 1 3 2       5.000      5.600     -0.253
  1 2 1 1     270.000    272.989     -0.181
  1 2 1 2      42.000     42.138     -0.021
  1 2 2 1      25.000     26.652     -0.320
  1 2 2 2      16.000     15.919      0.020
  1 2 3 1       4.000      3.603      0.209
  1 2 3 2       5.000      3.756      0.642
  2 1 1 1      23.000     26.331     -0.649
  2 1 1 2       6.000      5.927      0.030
  2 1 2 1       4.000      2.520      0.932
  2 1 2 2       2.000      2.228     -0.153
  2 1 3 1       1.000      0.239      1.556
  2 1 3 2       0.000      0.480     -0.693
  2 2 1 1      43.000     37.448      0.907
  2 2 1 2       9.000     10.123     -0.353
  2 2 2 1       9.000      9.791     -0.253
  2 2 2 2       3.000      3.937     -0.472
  2 2 3 1       2.000      3.583     -0.836
  2 2 3 2       2.000      1.394      0.514
  3 1 1 1      26.000     28.295     -0.431
  3 1 1 2       1.000      2.013     -0.714
  3 1 2 1       3.000      2.023      0.687
  3 1 2 2       2.000      0.757      1.429
  3 1 3 1       0.000      0.081     -0.285
  3 1 3 2       0.000      0.163     -0.404
  3 2 1 1      85.000     78.210      0.768
  3 2 1 2      13.000     20.849     -1.719
  3 2 2 1      23.000     25.082     -0.416
  3 2 2 2      12.000      8.216      1.320
  3 2 3 1       6.000      9.972     -1.258
  3 2 3 2       8.000      3.339      2.551



*** PSEUDO R-SQUARED MEASURES ***

* P(P|X) *
                         baseline   fitted   R-squared
  entropy                 0.7006    0.5037    0.2810
  qualitative variance    0.1929    0.1291    0.3308
  classification error    0.2354    0.1532    0.3493
  -2/N*log-likelihood     1.4012    1.0074    0.2810/0.2825
  likelihood^(-2/N)       4.0600    2.7385    0.3255/0.4319

* P(A|X) *
                         baseline   fitted   R-squared
  entropy                 0.6923    0.5562    0.1966
  qualitative variance    0.2496    0.1973    0.2096
  classification error    0.4800    0.3184    0.3368
  -2/N*log-likelihood     1.3847    1.1125    0.1966/0.2140
  likelihood^(-2/N)       3.9936    3.0418    0.2383/0.3179

* P(C|X) *
                         baseline   fitted   R-squared
  entropy                 0.5182    0.4430    0.1450
  qualitative variance    0.1392    0.1247    0.1044
  classification error    0.1614    0.1614    0.0000
  -2/N*log-likelihood     1.0363    0.8861    0.1450/0.1306
  likelihood^(-2/N)       2.8188    2.4256    0.1395/0.2162

* P(U|X) *
                         baseline   fitted   R-squared
  entropy                 0.4784    0.2283    0.5229
  qualitative variance    0.1506    0.0782    0.4807
  classification error    0.1847    0.1120    0.3935
  -2/N*log-likelihood     0.9569    0.4566    0.5229/0.3335
  likelihood^(-2/N)       2.6035    1.5786    0.3937/0.6391



*** LOG-LINEAR PARAMETERS ***

* TABLE X [or P(X)] *

  effect           beta   exp(beta)
  X 
   1             0.7995      2.2245 
   2            -0.2526      0.7768 
   3            -0.5469      0.5787 

* TABLE XP [or P(P|X)] *

  effect           beta   exp(beta)
  P 
   1             1.0374      2.8218 
   2            -0.5406      0.5824 
   3            -0.4968      0.6085 
  XP 
   1 1           0.7701      2.1599 
   1 2          -0.4405      0.6437 
   1 3          -0.3295      0.7193 
   2 1           0.9605      2.6131 
   2 2           0.0816      1.0850 
   2 3          -1.0421      0.3527 
   3 1          -1.7306      0.1772 
   3 2           0.3590      1.4318 
   3 3           1.3716      3.9418 



*** (CONDITIONAL) PROBABILITIES ***

* P(X) *

  1              0.6214
  2              0.2170
  3              0.1617

* P(P|X) *

  1 | 1          0.8824
  2 | 1          0.0543
  3 | 1          0.0634
  1 | 2          0.8970
  2 | 2          0.0769
  3 | 2          0.0261
  1 | 3          0.1340
  2 | 3          0.2234
  3 | 3          0.6426

* P(A|X) *

  1 | 1          0.6115
  2 | 1          0.3885
  1 | 2          0.6453
  2 | 2          0.3547
  1 | 3          0.0000 *
  2 | 3          1.0000 *

* P(C|X) *

  1 | 1          0.9431
  2 | 1          0.0569
  3 | 1          0.0000 *
  1 | 2          0.6864
  2 | 2          0.2580
  3 | 2          0.0556
  1 | 3          0.6412
  2 | 3          0.2533
  3 | 3          0.1055

* P(U|X) *

  1 | 1          1.0000 *
  2 | 1          0.0000 *
  1 | 2          0.3325
  2 | 2          0.6675
  1 | 3          0.7534
  2 | 3          0.2466



*** LATENT CLASS OUTPUT ***

          X  1    X  2    X  3
         0.6214  0.2170  0.1617
  P  1   0.8824  0.8970  0.1340
  P  2   0.0543  0.0769  0.2234
  P  3   0.0634  0.0261  0.6426
  A  1   0.6115  0.6453  0.0000
  A  2   0.3885  0.3547  1.0000
  C  1   0.9431  0.6864  0.6412
  C  2   0.0569  0.2580  0.2533
  C  3   0.0000  0.0556  0.1055
  U  1   1.0000  0.3325  0.7534
  U  2   0.0000  0.6675  0.2466

E = 0.1232, lambda = 0.6747
