LEM: log-linear and event history analysis with missing data.
Developed by Jeroen Vermunt (c), Tilburg University, The Netherlands.
Version 1.0 (September 18, 1997).


*** INPUT ***

  lat 1
man 4

dim 2 3 2 3 2

mod X A|X B|X C|X D|X




dat [419 71 35 25 2 5 270 42 25 16 4 5 23 6 4 2 1 0 43 9 9 3 2 2 26 1 3 2 0 0 85 13 23 12 6 8]
ite 10000
see 4090



*** STATISTICS ***

  Number of iterations = 298
  Converge criterion   = 0.0000009728
  Seed random values   = 4090

  X-squared            = 93.2545 (0.0000)
  L-squared            = 79.3373 (0.0000)
  Cressie-Read         = 86.9143 (0.0000)
  Dissimilarity index  = 0.0721
  Degrees of freedom   = 22
  Log-likelihood       = -2783.26803
  Number of parameters = 13 (+1)
  Sample size          = 1202.0
  BIC(L-squared)       = -76.6811
  AIC(L-squared)       = 35.3373
  BIC(log-likelihood)  = 5658.7287
  AIC(log-likelihood)  = 5592.5361

  Eigenvalues information matrix
    1629.5750   996.8696   594.0576   346.0792   280.0887   242.3974
     226.7117   153.5462   107.0255    81.8708    68.0848    12.5135
       1.7102




*** FREQUENCIES ***

  A B C D     observed  estimated  std. res.
  1 1 1 1     419.000    408.104      0.539
  1 1 1 2      71.000     82.085     -1.223
  1 1 2 1      35.000     48.326     -1.917
  1 1 2 2      25.000      9.748      4.885
  1 1 3 1       2.000      5.493     -1.491
  1 1 3 2       5.000      1.120      3.666
  1 2 1 1     270.000    255.700      0.894
  1 2 1 2      42.000     54.773     -1.726
  1 2 2 1      25.000     36.389     -1.888
  1 2 2 2      16.000      8.624      2.512
  1 2 3 1       4.000      6.745     -1.057
  1 2 3 2       5.000      1.893      2.258
  2 1 1 1      23.000     27.040     -0.777
  2 1 1 2       6.000      5.533      0.199
  2 1 2 1       4.000      3.374      0.341
  2 1 2 2       2.000      0.717      1.515
  2 1 3 1       1.000      0.457      0.803
  2 1 3 2       0.000      0.108     -0.328
  2 2 1 1      43.000     37.323      0.929
  2 2 1 2       9.000     10.760     -0.537
  2 2 2 1       9.000     10.367     -0.425
  2 2 2 2       3.000      3.341     -0.186
  2 2 3 1       2.000      3.718     -0.891
  2 2 3 2       2.000      1.262      0.657
  3 1 1 1      26.000     23.189      0.584
  3 1 1 2       1.000      4.941     -1.773
  3 1 2 1       3.000      3.253     -0.140
  3 1 2 2       2.000      0.763      1.417
  3 1 3 1       0.000      0.586     -0.766
  3 1 3 2       0.000      0.162     -0.403
  3 2 1 1      85.000     74.467      1.221
  3 2 1 2      13.000     24.085     -2.259
  3 2 2 1      23.000     25.466     -0.489
  3 2 2 2      12.000      8.634      1.146
  3 2 3 1       6.000     10.003     -1.266
  3 2 3 2       8.000      3.450      2.449



*** PSEUDO R-SQUARED MEASURES ***

* P(A|X) *
                         baseline   fitted   R-squared
  entropy                 0.7006    0.5161    0.2633
  qualitative variance    0.1929    0.1334    0.3086
  classification error    0.2354    0.1658    0.2959
  -2/N*log-likelihood     1.4012    1.0322    0.2633/0.2695
  likelihood^(-2/N)       4.0600    2.8073    0.3086/0.4094

* P(B|X) *
                         baseline   fitted   R-squared
  entropy                 0.6923    0.5552    0.1982
  qualitative variance    0.2496    0.1924    0.2292
  classification error    0.4800    0.2991    0.3768
  -2/N*log-likelihood     1.3847    1.1103    0.1982/0.2153
  likelihood^(-2/N)       3.9936    3.0353    0.2400/0.3201

* P(C|X) *
                         baseline   fitted   R-squared
  entropy                 0.5182    0.4860    0.0621
  qualitative variance    0.1392    0.1326    0.0476
  classification error    0.1614    0.1614    0.0000
  -2/N*log-likelihood     1.0363    0.9720    0.0621/0.0604
  likelihood^(-2/N)       2.8188    2.6432    0.0623/0.0966

* P(D|X) *
                         baseline   fitted   R-squared
  entropy                 0.4784    0.4745    0.0083
  qualitative variance    0.1506    0.1493    0.0085
  classification error    0.1847    0.1847    0.0000
  -2/N*log-likelihood     0.9569    0.9490    0.0083/0.0079
  likelihood^(-2/N)       2.6035    2.5830    0.0079/0.0128



*** LOG-LINEAR PARAMETERS ***

* TABLE X [or P(X)] *

  effect           beta  std err  z-value   exp(beta)     Wald  df  prob
  X 
   1             0.7170   0.1249    5.741      2.0482 
   2            -0.7170                        0.4882    32.96   1 0.000

* TABLE XA [or P(A|X)] *

  effect           beta  std err  z-value   exp(beta)     Wald  df  prob
  A 
   1             0.7917   0.2086    3.796      2.2072 
   2            -0.5993   0.1071   -5.597      0.5492 
   3            -0.1925                        0.8249    31.34   2 0.000
  XA 
   1 1           1.1055   0.1791    6.171      3.0206 
   1 2          -0.2419   0.1376   -1.758      0.7851 
   1 3          -0.8636                        0.4217 
   2 1          -1.1055                        0.3311 
   2 2           0.2419                        1.2737 
   2 3           0.8636                        2.3716    47.69   2 0.000

* TABLE XB [or P(B|X)] *

  effect           beta  std err  z-value   exp(beta)     Wald  df  prob
  B 
   1            -0.7278   0.5361   -1.357      0.4830 
   2             0.7278                        2.0705     1.84   1 0.175
  XB 
   1 1           1.0084   0.5231    1.928      2.7412 
   1 2          -1.0084                        0.3648 
   2 1          -1.0084                        0.3648 
   2 2           1.0084                        2.7412     3.72   1 0.054

* TABLE XC [or P(C|X)] *

  effect           beta  std err  z-value   exp(beta)     Wald  df  prob
  C 
   1             1.5439   0.0987   15.639      4.6830 
   2            -0.0014   0.0871   -0.016      0.9986 
   3            -1.5426                        0.2138   266.87   2 0.000
  XC 
   1 1           0.6110   0.0956    6.388      1.8422 
   1 2           0.0187   0.1051    0.178      1.0189 
   1 3          -0.6297                        0.5328 
   2 1          -0.6110                        0.5428 
   2 2          -0.0187                        0.9814 
   2 3           0.6297                        1.8771    42.81   2 0.000

* TABLE XD [or P(D|X)] *

  effect           beta  std err  z-value   exp(beta)     Wald  df  prob
  D 
   1             0.6657   0.0481   13.850      1.9458 
   2            -0.6657                        0.5139   191.83   1 0.000
  XD 
   1 1           0.1368   0.0563    2.431      1.1467 
   1 2          -0.1368                        0.8721 
   2 1          -0.1368                        0.8721 
   2 2           0.1368                        1.1467     5.91   1 0.015



*** (CONDITIONAL) PROBABILITIES ***

* P(X) *

  1              0.8075  (0.0388)
  2              0.1925  (0.0388)

* P(A|X) *

  1 | 1          0.8954  (0.0206)
  2 | 1          0.0579  (0.0109)
  3 | 1          0.0467  (0.0144)
  1 | 2          0.2158  (0.0918)
  2 | 2          0.2066  (0.0389)
  3 | 2          0.5777  (0.0805)

* P(B|X) *

  1 | 1          0.6367  (0.0251)
  2 | 1          0.3633  (0.0251)
  1 | 2          0.0301  (0.0618)
  2 | 2          0.9699  (0.0618)

* P(C|X) *

  1 | 1          0.8841  (0.0136)
  2 | 1          0.1043  (0.0122)
  3 | 1          0.0117  (0.0045)
  1 | 2          0.6479  (0.0411)
  2 | 2          0.2498  (0.0350)
  3 | 2          0.1023  (0.0242)

* P(D|X) *

  1 | 1          0.8327  (0.0134)
  2 | 1          0.1673  (0.0134)
  1 | 2          0.7422  (0.0356)
  2 | 2          0.2578  (0.0356)



*** LATENT CLASS OUTPUT ***

          X  1    X  2
         0.8075  0.1925
  A  1   0.8954  0.2158
  A  2   0.0579  0.2066
  A  3   0.0467  0.5777
  B  1   0.6367  0.0301
  B  2   0.3633  0.9699
  C  1   0.8841  0.6479
  C  2   0.1043  0.2498
  C  3   0.0117  0.1023
  D  1   0.8327  0.7422
  D  2   0.1673  0.2578

E = 0.0757, lambda = 0.6070
