LEM: log-linear and event history analysis with missing data.
Developed by Jeroen Vermunt (c), Tilburg University, The Netherlands.
Version 1.0 (September 18, 1997).


*** INPUT ***

  lat 1
man 4

dim 3 3 2 3 2
lab X P A C U
mod X P|X A|X C|X U|X




dat [419 71 35 25 2 5 270 42 25 16 4 5 23 6 4 2 1 0 43 9 9 3 2 2 26 1 3 2 0 0 85 13 23 12 6 8]
ite 10000
see 2883



*** STATISTICS ***

  Number of iterations = 431
  Converge criterion   = 0.0000009838
  Seed random values   = 2883

  X-squared            = 23.5328 (0.0735)
  L-squared            = 21.8921 (0.1107)
  Cressie-Read         = 22.6170 (0.0926)
  Dissimilarity index  = 0.0274
  Degrees of freedom   = 15
  Log-likelihood       = -2754.54546
  Number of parameters = 20 (+1)
  Sample size          = 1202.0
  BIC(L-squared)       = -84.4840
  AIC(L-squared)       = -8.1079
  BIC(log-likelihood)  = 5650.9258
  AIC(log-likelihood)  = 5549.0909

  Eigenvalues information matrix
    1448.3518   669.8367   418.6498   356.6505   317.6171   282.5120
     235.7411   189.0321   172.3130   128.8422    91.3200    75.6945
      48.1847    20.8927    11.4442     8.5940     5.8641     1.6226
       0.0003     0.0001

WARNING: 2 (nearly) boundary or non-identified (log-linear) parameters



*** FREQUENCIES ***

  P A C U     observed  estimated  std. res.
  1 1 1 1     419.000    415.255      0.184
  1 1 1 2      71.000     69.741      0.151
  1 1 2 1      35.000     35.038     -0.006
  1 1 2 2      25.000     25.826     -0.163
  1 1 3 1       2.000      2.603     -0.374
  1 1 3 2       5.000      5.568     -0.241
  1 2 1 1     270.000    272.940     -0.178
  1 2 1 2      42.000     42.376     -0.058
  1 2 2 1      25.000     26.495     -0.290
  1 2 2 2      16.000     15.822      0.045
  1 2 3 1       4.000      3.594      0.214
  1 2 3 2       5.000      3.742      0.650
  2 1 1 1      23.000     26.133     -0.613
  2 1 1 2       6.000      5.698      0.127
  2 1 2 1       4.000      2.587      0.878
  2 1 2 2       2.000      2.116     -0.080
  2 1 3 1       1.000      0.312      1.234
  2 1 3 2       0.000      0.473     -0.687
  2 2 1 1      43.000     37.584      0.883
  2 2 1 2       9.000     10.101     -0.346
  2 2 2 1       9.000     10.063     -0.335
  2 2 2 2       3.000      3.948     -0.477
  2 2 3 1       2.000      3.603     -0.844
  2 2 3 2       2.000      1.382      0.525
  3 1 1 1      26.000     27.889     -0.358
  3 1 1 2       1.000      1.927     -0.668
  3 1 2 1       3.000      2.532      0.294
  3 1 2 2       2.000      0.732      1.481
  3 1 3 1       0.000      0.364     -0.603
  3 1 3 2       0.000      0.206     -0.454
  3 2 1 1      85.000     77.579      0.843
  3 2 1 2      13.000     20.778     -1.706
  3 2 2 1      23.000     25.558     -0.506
  3 2 2 2      12.000      8.280      1.293
  3 2 3 1       6.000      9.871     -1.232
  3 2 3 2       8.000      3.283      2.604



*** PSEUDO R-SQUARED MEASURES ***

* P(P|X) *
                         baseline   fitted   R-squared
  entropy                 0.7006    0.4918    0.2980
  qualitative variance    0.1929    0.1261    0.3463
  classification error    0.2354    0.1510    0.3587
  -2/N*log-likelihood     1.4012    0.9837    0.2980/0.2945
  likelihood^(-2/N)       4.0600    2.6742    0.3413/0.4529

* P(A|X) *
                         baseline   fitted   R-squared
  entropy                 0.6923    0.5725    0.1730
  qualitative variance    0.2496    0.1997    0.1999
  classification error    0.4800    0.3186    0.3364
  -2/N*log-likelihood     1.3847    1.1451    0.1730/0.1933
  likelihood^(-2/N)       3.9936    3.1427    0.2131/0.2842

* P(C|X) *
                         baseline   fitted   R-squared
  entropy                 0.5182    0.4432    0.1446
  qualitative variance    0.1392    0.1247    0.1042
  classification error    0.1614    0.1614    0.0000
  -2/N*log-likelihood     1.0363    0.8865    0.1446/0.1303
  likelihood^(-2/N)       2.8188    2.4266    0.1392/0.2157

* P(U|X) *
                         baseline   fitted   R-squared
  entropy                 0.4784    0.2251    0.5296
  qualitative variance    0.1506    0.0766    0.4914
  classification error    0.1847    0.1074    0.4183
  -2/N*log-likelihood     0.9569    0.4501    0.5296/0.3363
  likelihood^(-2/N)       2.6035    1.5685    0.3975/0.6455



*** LOG-LINEAR PARAMETERS ***

* TABLE X [or P(X)] *

  effect           beta  std err  z-value   exp(beta)     Wald  df  prob
  X 
   1            -0.3044   0.2236   -1.362      0.7376 
   2             0.7932   0.1267    6.259      2.2105 
   3            -0.4888                        0.6134    45.17   2 0.000

* TABLE XP [or P(P|X)] *

  effect           beta  std err  z-value   exp(beta)     Wald  df  prob
  P 
   1             1.1251   0.3018    3.728      3.0804 
   2            -0.5097   0.1815   -2.809      0.6007 
   3            -0.6153                        0.5405    26.60   2 0.000
  XP 
   1 1           1.0548   0.3967    2.659      2.8713 
   1 2           0.1458   0.3449    0.423      1.1570 
   1 3          -1.2006                        0.3010 
   2 1           0.7188   0.2689    2.673      2.0519 
   2 2          -0.4619   0.2206   -2.093      0.6301 
   2 3          -0.2569                        0.7734 
   3 1          -1.7736                        0.1697 
   3 2           0.3160                        1.3717 
   3 3           1.4575                        4.2953    25.89   4 0.000

* TABLE XA [or P(A|X)] *

  effect           beta  std err  z-value   exp(beta)     Wald  df  prob
  A 
   1            -0.3944   0.3596   -1.097      0.6741 
   2             0.3944                        1.4835     1.20   1 0.273
  XA 
   1 1           0.6989   0.3558    1.964      2.0116 
   1 2          -0.6989                        0.4971 
   2 1           0.6243   0.3548    1.760      1.8669 
   2 2          -0.6243                        0.5356 
   3 1          -1.3232                        0.2663 
   3 2           1.3232                        3.7555     3.97   2 0.138

* TABLE XC [or P(C|X)] *

  effect           beta  std err  z-value   exp(beta)     Wald  df  prob
  C 
   1            12.6533   0.1594   79.376  3.13E+0005 
   2            11.0801   0.1026  108.017  6.49E+0004 
   3           -23.7333                    4.93E-0011 12120.53   2 0.000
  XC 
   1 1         -11.4788   0.1515  -75.752  1.03E-0005 
   1 2         -10.8991   0.1120  -97.351  1.85E-0005 
   1 3          22.3779                    5.23E+0009 
   2 1          23.2168   0.2665   87.121  1.21E+0010 
   2 2          21.9814   ******    *****  3.52E+0009 
   2 3         -45.1982                    2.35E-0020 
   3 1         -11.7380                    7.98E-0006 
   3 2         -11.0823                    1.54E-0005 
   3 3          22.8204                    8.14E+0009 20985.68   4 0.000

* TABLE XU [or P(U|X)] *

  effect           beta  std err  z-value   exp(beta)     Wald  df  prob
  U 
   1             2.1026   0.1850   11.364      8.1877 
   2            -2.1026                        0.1221   129.15   1 0.000
  XU 
   1 1          -2.4946   0.1866  -13.370      0.0825 
   1 2           2.4946                       12.1163 
   2 1           4.0395   ******    *****     56.7958 
   2 2          -4.0395                        0.0176 
   3 1          -1.5449                        0.2133 
   3 2           1.5449                        4.6875   178.76   2 0.000



*** (CONDITIONAL) PROBABILITIES ***

* P(X) *

  1              0.2071  (0.0521)
  2              0.6207  (0.0462)
  3              0.1722  (0.0348)

* P(P|X) *

  1 | 1          0.9116  (0.0409)
  2 | 1          0.0716  (0.0255)
  3 | 1          0.0168  (0.0251)
  1 | 2          0.8881  (0.0209)
  2 | 2          0.0532  (0.0119)
  3 | 2          0.0587  (0.0158)
  1 | 3          0.1425  (0.1057)
  2 | 3          0.2246  (0.0441)
  3 | 3          0.6329  (0.0920)

* P(A|X) *

  1 | 1          0.6477  (0.0509)
  2 | 1          0.3523  (0.0509)
  1 | 2          0.6130  (0.0245)
  2 | 2          0.3870  (0.0245)
  1 | 3          0.0312  (0.0639)
  2 | 3          0.9688  (0.0639)

* P(C|X) *

  1 | 1          0.6897  (0.0379)
  2 | 1          0.2554  (0.0353)
  3 | 1          0.0549  (0.0191)
  1 | 2          0.9431  (0.0188)
  2 | 2          0.0569  (0.0188)
  3 | 2          0.0000  (0.0000) *
  1 | 3          0.6409  (0.0422)
  2 | 3          0.2561  (0.0371)
  3 | 3          0.1030  (0.0247)

* P(U|X) *

  1 | 1          0.3135  (0.1537)
  2 | 1          0.6865  (0.1537)
  1 | 2          1.0000  (0.0000)
  2 | 2          0.0000  (0.0000)
  1 | 3          0.7531  (0.0383)
  2 | 3          0.2469  (0.0383)



*** LATENT CLASS OUTPUT ***

          X  1    X  2    X  3
         0.2071  0.6207  0.1722
  P  1   0.9116  0.8881  0.1425
  P  2   0.0716  0.0532  0.2246
  P  3   0.0168  0.0587  0.6329
  A  1   0.6477  0.6130  0.0312
  A  2   0.3523  0.3870  0.9688
  C  1   0.6897  0.9431  0.6409
  C  2   0.2554  0.0569  0.2561
  C  3   0.0549  0.0000  0.1030
  U  1   0.3135  1.0000  0.7531
  U  2   0.6865  0.0000  0.2469

E = 0.1210, lambda = 0.6810
