LEM: log-linear and event history analysis with missing data.
Developed by Jeroen Vermunt (c), Tilburg University, The Netherlands.
Version 1.0 (September 18, 1997).


*** INPUT ***

  lat 1
man 4

dim 3 3 2 3 2
lab X P A C U
mod X P|X A|X C|X U|X




dat [419 71 35 25 2 5 270 42 25 16 4 5 23 6 4 2 1 0 43 9 9 3 2 2 26 1 3 2 0 0 85 13 23 12 6 8]
ite 10000
see 2863



*** STATISTICS ***

  Number of iterations = 546
  Converge criterion   = 0.0000009890
  Seed random values   = 2863

  X-squared            = 39.8918 (0.0005)
  L-squared            = 37.2630 (0.0012)
  Cressie-Read         = 38.3712 (0.0008)
  Dissimilarity index  = 0.0489
  Degrees of freedom   = 15
  Log-likelihood       = -2762.23089
  Number of parameters = 20 (+1)
  Sample size          = 1202.0
  BIC(L-squared)       = -69.1131
  AIC(L-squared)       = 7.2630
  BIC(log-likelihood)  = 5666.2966
  AIC(log-likelihood)  = 5564.4618

  Eigenvalues information matrix
     945.8611   761.5263   680.6877   484.6777   385.5067   320.4921
     291.3501   200.5297   162.5735    88.9667    77.9060    60.0434
      38.1791    20.7880    15.6306     9.8493     0.0002     0.0000
      -0.0000    -0.0001

WARNING: 4 (nearly) boundary or non-identified (log-linear) parameters



*** FREQUENCIES ***

  P A C U     observed  estimated  std. res.
  1 1 1 1     419.000    399.049      0.999
  1 1 1 2      71.000     88.216     -1.833
  1 1 2 1      35.000     45.383     -1.541
  1 1 2 2      25.000     12.986      3.334
  1 1 3 1       2.000      4.245     -1.090
  1 1 3 2       5.000      1.510      2.841
  1 2 1 1     270.000    275.352     -0.323
  1 2 1 2      42.000     37.434      0.746
  1 2 2 1      25.000     28.190     -0.601
  1 2 2 2      16.000     15.742      0.065
  1 2 3 1       4.000      6.387     -0.944
  1 2 3 2       5.000      4.507      0.232
  2 1 1 1      23.000     27.374     -0.836
  2 1 1 2       6.000      4.828      0.534
  2 1 2 1       4.000      3.052      0.543
  2 1 2 2       2.000      1.362      0.547
  2 1 3 1       1.000      0.524      0.657
  2 1 3 2       0.000      0.329     -0.573
  2 2 1 1      43.000     40.486      0.395
  2 2 1 2       9.000      7.241      0.654
  2 2 2 1       9.000      8.105      0.314
  2 2 2 2       3.000      6.083     -1.250
  2 2 3 1       2.000      2.597     -0.370
  2 2 3 2       2.000      2.020     -0.014
  3 1 1 1      26.000     27.594     -0.304
  3 1 1 2       1.000      2.166     -0.792
  3 1 2 1       3.000      2.670      0.202
  3 1 2 2       2.000      2.101     -0.070
  3 1 3 1       0.000      0.903     -0.950
  3 1 3 2       0.000      0.710     -0.843
  3 2 1 1      85.000     83.132      0.205
  3 2 1 2      13.000     15.129     -0.547
  3 2 2 1      23.000     18.651      1.007
  3 2 2 2      12.000     14.675     -0.698
  3 2 3 1       6.000      6.307     -0.122
  3 2 3 2       8.000      4.962      1.364



*** PSEUDO R-SQUARED MEASURES ***

* P(P|X) *
                         baseline   fitted   R-squared
  entropy                 0.7006    0.5315    0.2414
  qualitative variance    0.1929    0.1522    0.2110
  classification error    0.2354    0.2247    0.0457
  -2/N*log-likelihood     1.4012    1.0629    0.2414/0.2528
  likelihood^(-2/N)       4.0600    2.8948    0.2870/0.3808

* P(A|X) *
                         baseline   fitted   R-squared
  entropy                 0.6923    0.5216    0.2466
  qualitative variance    0.2496    0.1702    0.3181
  classification error    0.4800    0.2221    0.5373
  -2/N*log-likelihood     1.3847    1.0432    0.2466/0.2546
  likelihood^(-2/N)       3.9936    2.8383    0.2893/0.3859

* P(C|X) *
                         baseline   fitted   R-squared
  entropy                 0.5182    0.3865    0.2541
  qualitative variance    0.1392    0.1100    0.2100
  classification error    0.1614    0.1614   -0.0000
  -2/N*log-likelihood     1.0363    0.7730    0.2541/0.2084
  likelihood^(-2/N)       2.8188    2.1662    0.2315/0.3588

* P(U|X) *
                         baseline   fitted   R-squared
  entropy                 0.4784    0.3879    0.1893
  qualitative variance    0.1506    0.1291    0.1426
  classification error    0.1847    0.1847   -0.0000
  -2/N*log-likelihood     0.9569    0.7757    0.1893/0.1534
  likelihood^(-2/N)       2.6035    2.1722    0.1657/0.2690



*** LOG-LINEAR PARAMETERS ***

* TABLE X [or P(X)] *

  effect           beta  std err  z-value   exp(beta)     Wald  df  prob
  X 
   1            -0.0092   0.1422   -0.065      0.9908 
   2             0.5770   0.1791    3.221      1.7806 
   3            -0.5678                        0.5668    18.36   2 0.000

* TABLE XP [or P(P|X)] *

  effect           beta  std err  z-value   exp(beta)     Wald  df  prob
  P 
   1             7.9977   0.1511   52.935  2.97E+0003 
   2             6.1338   0.1139   53.852    461.1641 
   3           -14.1315                    7.29E-0007  5220.65   2 0.000
  XP 
   1 1          -7.0966   0.2129  -33.331  8.28E-0004 
   1 2          -6.9900   0.1232  -56.715  9.21E-0004 
   1 3          14.0866                    1.31E+0006 
   2 1          14.8958   0.3040   49.004  2.95E+0006 
   2 2          13.6754   ******    *****  8.69E+0005 
   2 3         -28.5712                    3.91E-0013 
   3 1          -7.7993                    4.10E-0004 
   3 2          -6.6854                        0.0012 
   3 3          14.4846                    1.95E+0006  7487.97   4 0.000

* TABLE XA [or P(A|X)] *

  effect           beta  std err  z-value   exp(beta)     Wald  df  prob
  A 
   1            -0.2713   0.0981   -2.766      0.7624 
   2             0.2713                        1.3117     7.65   1 0.006
  XA 
   1 1          -0.2011   0.1551   -1.297      0.8178 
   1 2           0.2011                        1.2228 
   2 1           0.9018   0.1282    7.034      2.4640 
   2 2          -0.9018                        0.4058 
   3 1          -0.7006                        0.4963 
   3 2           0.7006                        2.0151    50.29   2 0.000

* TABLE XC [or P(C|X)] *

  effect           beta  std err  z-value   exp(beta)     Wald  df  prob
  C 
   1            27.1540   0.2615  103.822  6.21E+0011 
   2            20.4652   0.2202   92.927  7.73E+0008 
   3           -47.6192                    2.09E-0021 11680.49   2 0.000
  XC 
   1 1          51.7242   0.3703  139.669  2.91E+0022 
   1 2          40.4208   0.2792  144.780  3.59E+0017 
   1 3         -92.1450                    9.59E-0041 
   2 1         -24.9519   ******    *****  1.46E-0011 
   2 2         -20.3069   ******    *****  1.51E-0009 
   2 3          45.2588                    4.53E+0019 
   3 1         -26.7724                    2.36E-0012 
   3 2         -20.1139                    1.84E-0009 
   3 3          46.8863                    2.30E+0020 32691.64   4 0.000

* TABLE XU [or P(U|X)] *

  effect           beta  std err  z-value   exp(beta)     Wald  df  prob
  U 
   1             2.1421   0.0830   25.807      8.5175 
   2            -2.1421                        0.1174   665.99   1 0.000
  XU 
   1 1           3.4900   0.1582   22.054     32.7866 
   1 2          -3.4900                        0.0305 
   2 1          -1.4678   ******    *****      0.2304 
   2 2           1.4678                        4.3395 
   3 1          -2.0223                        0.1324 
   3 2           2.0223                        7.5554   486.38   2 0.000



*** (CONDITIONAL) PROBABILITIES ***

* P(X) *

  1              0.2968  (0.0518)
  2              0.5334  (0.0676)
  3              0.1698  (0.0308)

* P(P|X) *

  1 | 1          0.6407  (0.0738)
  2 | 1          0.1105  (0.0275)
  3 | 1          0.2488  (0.0591)
  1 | 2          0.9562  (0.0139)
  2 | 2          0.0438  (0.0139)
  3 | 2          0.0000  (0.0000) *
  1 | 3          0.3788  (0.0770)
  2 | 3          0.1789  (0.0363)
  3 | 3          0.4422  (0.0686)

* P(A|X) *

  1 | 1          0.2799  (0.0641)
  2 | 1          0.7201  (0.0641)
  1 | 2          0.7792  (0.0574)
  2 | 2          0.2208  (0.0574)
  1 | 3          0.1252  (0.0511)
  2 | 3          0.8748  (0.0511)

* P(C|X) *

  1 | 1          1.0000  (0.0000)
  2 | 1          0.0000  (0.0000)
  3 | 1          0.0000  (0.0000) *
  1 | 2          0.8772  (0.0221)
  2 | 2          0.1136  (0.0194)
  3 | 2          0.0092  (0.0062)
  1 | 3          0.4351  (0.0761)
  2 | 3          0.4221  (0.0599)
  3 | 3          0.1427  (0.0336)

* P(U|X) *

  1 | 1          1.0000  (0.0000)
  2 | 1          0.0000  (0.0000)
  1 | 2          0.7939  (0.0272)
  2 | 2          0.2061  (0.0272)
  1 | 3          0.5596  (0.0546)
  2 | 3          0.4404  (0.0546)



*** LATENT CLASS OUTPUT ***

          X  1    X  2    X  3
         0.2968  0.5334  0.1698
  P  1   0.6407  0.9562  0.3788
  P  2   0.1105  0.0438  0.1789
  P  3   0.2488  0.0000  0.4422
  A  1   0.2799  0.7792  0.1252
  A  2   0.7201  0.2208  0.8748
  C  1   1.0000  0.8772  0.4351
  C  2   0.0000  0.1136  0.4221
  C  3   0.0000  0.0092  0.1427
  U  1   1.0000  0.7939  0.5596
  U  2   0.0000  0.2061  0.4404

E = 0.2203, lambda = 0.5279
