LEM: log-linear and event history analysis with missing data.
Developed by Jeroen Vermunt (c), Tilburg University, The Netherlands.
Version 1.0 (September 18, 1997).


*** INPUT ***

  lat 1
man 4

dim 3 3 2 3 2
lab X P A C U
mod X P|X A|X C|X U|X




dat [419 71 35 25 2 5 270 42 25 16 4 5 23 6 4 2 1 0 43 9 9 3 2 2 26 1 3 2 0 0 85 13 23 12 6 8]
ite 10000
see 2783



*** STATISTICS ***

  Number of iterations = 422
  Converge criterion   = 0.0000009828
  Seed random values   = 2783

  X-squared            = 23.5335 (0.0735)
  L-squared            = 21.8921 (0.1107)
  Cressie-Read         = 22.6176 (0.0926)
  Dissimilarity index  = 0.0274
  Degrees of freedom   = 15
  Log-likelihood       = -2754.54544
  Number of parameters = 20 (+1)
  Sample size          = 1202.0
  BIC(L-squared)       = -84.4840
  AIC(L-squared)       = -8.1079
  BIC(log-likelihood)  = 5650.9257
  AIC(log-likelihood)  = 5549.0909

  Eigenvalues information matrix
    1253.7561   786.6930   514.3717   433.0822   277.7262   235.0092
     213.4183   174.0165   159.6824   117.3253    94.3558    61.1438
      48.0088    39.5331    17.9277    10.9041     3.4219     1.1335
       0.0000    -0.0001

WARNING: 2 (nearly) boundary or non-identified (log-linear) parameters



*** FREQUENCIES ***

  P A C U     observed  estimated  std. res.
  1 1 1 1     419.000    415.247      0.184
  1 1 1 2      71.000     69.738      0.151
  1 1 2 1      35.000     35.044     -0.007
  1 1 2 2      25.000     25.827     -0.163
  1 1 3 1       2.000      2.608     -0.376
  1 1 3 2       5.000      5.566     -0.240
  1 2 1 1     270.000    272.944     -0.178
  1 2 1 2      42.000     42.377     -0.058
  1 2 2 1      25.000     26.491     -0.290
  1 2 2 2      16.000     15.824      0.044
  1 2 3 1       4.000      3.594      0.214
  1 2 3 2       5.000      3.741      0.651
  2 1 1 1      23.000     26.133     -0.613
  2 1 1 2       6.000      5.699      0.126
  2 1 2 1       4.000      2.587      0.878
  2 1 2 2       2.000      2.117     -0.080
  2 1 3 1       1.000      0.311      1.234
  2 1 3 2       0.000      0.472     -0.687
  2 2 1 1      43.000     37.582      0.884
  2 2 1 2       9.000     10.101     -0.346
  2 2 2 1       9.000     10.062     -0.335
  2 2 2 2       3.000      3.949     -0.477
  2 2 3 1       2.000      3.602     -0.844
  2 2 3 2       2.000      1.382      0.525
  3 1 1 1      26.000     27.891     -0.358
  3 1 1 2       1.000      1.928     -0.668
  3 1 2 1       3.000      2.529      0.296
  3 1 2 2       2.000      0.733      1.481
  3 1 3 1       0.000      0.363     -0.602
  3 1 3 2       0.000      0.206     -0.454
  3 2 1 1      85.000     77.582      0.842
  3 2 1 2      13.000     20.777     -1.706
  3 2 2 1      23.000     25.557     -0.506
  3 2 2 2      12.000      8.280      1.293
  3 2 3 1       6.000      9.872     -1.232
  3 2 3 2       8.000      3.283      2.603



*** PSEUDO R-SQUARED MEASURES ***

* P(P|X) *
                         baseline   fitted   R-squared
  entropy                 0.7006    0.4918    0.2980
  qualitative variance    0.1929    0.1261    0.3463
  classification error    0.2354    0.1510    0.3588
  -2/N*log-likelihood     1.4012    0.9837    0.2980/0.2945
  likelihood^(-2/N)       4.0600    2.6743    0.3413/0.4529

* P(A|X) *
                         baseline   fitted   R-squared
  entropy                 0.6923    0.5725    0.1731
  qualitative variance    0.2496    0.1997    0.1999
  classification error    0.4800    0.3186    0.3363
  -2/N*log-likelihood     1.3847    1.1451    0.1731/0.1933
  likelihood^(-2/N)       3.9936    3.1426    0.2131/0.2843

* P(C|X) *
                         baseline   fitted   R-squared
  entropy                 0.5182    0.4432    0.1446
  qualitative variance    0.1392    0.1247    0.1043
  classification error    0.1614    0.1614    0.0000
  -2/N*log-likelihood     1.0363    0.8864    0.1446/0.1304
  likelihood^(-2/N)       2.8188    2.4264    0.1392/0.2157

* P(U|X) *
                         baseline   fitted   R-squared
  entropy                 0.4784    0.2252    0.5293
  qualitative variance    0.1506    0.0767    0.4910
  classification error    0.1847    0.1076    0.4175
  -2/N*log-likelihood     0.9569    0.4504    0.5293/0.3362
  likelihood^(-2/N)       2.6035    1.5689    0.3974/0.6452



*** LOG-LINEAR PARAMETERS ***

* TABLE X [or P(X)] *

  effect           beta  std err  z-value   exp(beta)     Wald  df  prob
  X 
   1            -0.4894   0.1879   -2.604      0.6130 
   2             0.7930   0.1269    6.248      2.2100 
   3            -0.3036                        0.7382    45.09   2 0.000

* TABLE XP [or P(P|X)] *

  effect           beta  std err  z-value   exp(beta)     Wald  df  prob
  P 
   1             1.1242   0.3024    3.718      3.0779 
   2            -0.5098   0.1810   -2.817      0.6006 
   3            -0.6144                        0.5410    26.49   2 0.000
  XP 
   1 1          -1.7738   0.4161   -4.263      0.1697 
   1 2           0.3166   0.2808    1.127      1.3724 
   1 3           1.4572                        4.2941 
   2 1           0.7194   0.2693    2.672      2.0532 
   2 2          -0.4619   0.2203   -2.097      0.6301 
   2 3          -0.2575                        0.7730 
   3 1           1.0544                        2.8704 
   3 2           0.1453                        1.1564 
   3 3          -1.1997                        0.3013    25.89   4 0.000

* TABLE XA [or P(A|X)] *

  effect           beta  std err  z-value   exp(beta)     Wald  df  prob
  A 
   1            -0.3953   0.3619   -1.092      0.6735 
   2             0.3953                        1.4848     1.19   1 0.275
  XA 
   1 1          -1.3247   0.7056   -1.877      0.2659 
   1 2           1.3247                        3.7610 
   2 1           0.6251   0.3570    1.751      1.8684 
   2 2          -0.6251                        0.5352 
   3 1           0.6996                        2.0130 
   3 2          -0.6996                        0.4968     3.94   2 0.140

* TABLE XC [or P(C|X)] *

  effect           beta  std err  z-value   exp(beta)     Wald  df  prob
  C 
   1            13.0131   0.1597   81.469  4.48E+0005 
   2            11.4397   0.1026  111.500  9.29E+0004 
   3           -24.4528                    2.40E-0011 12889.18   2 0.000
  XC 
   1 1         -12.0979   0.1816  -66.607  5.57E-0006 
   1 2         -11.4420   0.1120 -102.186  1.07E-0005 
   1 3          23.5399                    1.67E+0010 
   2 1          23.9365   0.2671   89.610  2.49E+0010 
   2 2          22.7006   ******    *****  7.22E+0009 
   2 3         -46.6370                    5.57E-0021 
   3 1         -11.8385                    7.22E-0006 
   3 2         -11.2586                    1.29E-0005 
   3 3          23.0971                    1.07E+0010 16019.17   4 0.000

* TABLE XU [or P(U|X)] *

  effect           beta  std err  z-value   exp(beta)     Wald  df  prob
  U 
   1             2.3400   0.1852   12.633     10.3810 
   2            -2.3400                        0.0963   159.60   1 0.000
  XU 
   1 1          -1.7822   0.1868   -9.540      0.1683 
   1 2           1.7822                        5.9432 
   2 1           4.5130   ******    *****     91.1919 
   2 2          -4.5130                        0.0110 
   3 1          -2.7307                        0.0652 
   3 2           2.7307                       15.3440    91.02   2 0.000



*** (CONDITIONAL) PROBABILITIES ***

* P(X) *

  1              0.1721  (0.0349)
  2              0.6206  (0.0463)
  3              0.2073  (0.0523)

* P(P|X) *

  1 | 1          0.1423  (0.1058)
  2 | 1          0.2246  (0.0441)
  3 | 1          0.6330  (0.0921)
  1 | 2          0.8881  (0.0209)
  2 | 2          0.0532  (0.0119)
  3 | 2          0.0588  (0.0158)
  1 | 3          0.9115  (0.0409)
  2 | 3          0.0717  (0.0255)
  3 | 3          0.0168  (0.0251)

* P(A|X) *

  1 | 1          0.0311  (0.0640)
  2 | 1          0.9689  (0.0640)
  1 | 2          0.6129  (0.0245)
  2 | 2          0.3871  (0.0245)
  1 | 3          0.6476  (0.0509)
  2 | 3          0.3524  (0.0509)

* P(C|X) *

  1 | 1          0.6409  (0.0422)
  2 | 1          0.2561  (0.0371)
  3 | 1          0.1030  (0.0247)
  1 | 2          0.9432  (0.0189)
  2 | 2          0.0568  (0.0189)
  3 | 2          0.0000  (0.0000) *
  1 | 3          0.6897  (0.0379)
  2 | 3          0.2554  (0.0353)
  3 | 3          0.0549  (0.0191)

* P(U|X) *

  1 | 1          0.7531  (0.0383)
  2 | 1          0.2469  (0.0383)
  1 | 2          1.0000  (0.0000)
  2 | 2          0.0000  (0.0000)
  1 | 3          0.3140  (0.1540)
  2 | 3          0.6860  (0.1540)



*** LATENT CLASS OUTPUT ***

          X  1    X  2    X  3
         0.1721  0.6206  0.2073
  P  1   0.1423  0.8881  0.9115
  P  2   0.2246  0.0532  0.0717
  P  3   0.6330  0.0588  0.0168
  A  1   0.0311  0.6129  0.6476
  A  2   0.9689  0.3871  0.3524
  C  1   0.6409  0.9432  0.6897
  C  2   0.2561  0.0568  0.2554
  C  3   0.1030  0.0000  0.0549
  U  1   0.7531  1.0000  0.3140
  U  2   0.2469  0.0000  0.6860

E = 0.1211, lambda = 0.6808
