LEM: log-linear and event history analysis with missing data.
Developed by Jeroen Vermunt (c), Tilburg University, The Netherlands.
Version 1.0 (September 18, 1997).


*** INPUT ***

  lat 1
man 4

dim 3 3 2 3 2
lab X P A C U
mod X P|X A|X C|X U|X




dat [419 71 35 25 2 5 270 42 25 16 4 5 23 6 4 2 1 0 43 9 9 3 2 2 26 1 3 2 0 0 85 13 23 12 6 8]
ite 10000
see 4292



*** STATISTICS ***

  Number of iterations = 694
  Converge criterion   = 0.0000009888
  Seed random values   = 4292

  X-squared            = 39.8919 (0.0005)
  L-squared            = 37.2630 (0.0012)
  Cressie-Read         = 38.3712 (0.0008)
  Dissimilarity index  = 0.0489
  Degrees of freedom   = 15
  Log-likelihood       = -2762.23089
  Number of parameters = 20 (+1)
  Sample size          = 1202.0
  BIC(L-squared)       = -69.1131
  AIC(L-squared)       = 7.2630
  BIC(log-likelihood)  = 5666.2966
  AIC(log-likelihood)  = 5564.4618

  Eigenvalues information matrix
    1158.2668  1056.9194   876.4874   333.0237   282.2396   234.6273
     205.2829   186.3560   161.7046   104.2829    51.6891    45.9570
      40.8381    28.1929    17.9364     9.5236     0.0002     0.0001
       0.0000     0.0000

WARNING: 4 (nearly) boundary or non-identified (log-linear) parameters



*** FREQUENCIES ***

  P A C U     observed  estimated  std. res.
  1 1 1 1     419.000    399.049      0.999
  1 1 1 2      71.000     88.216     -1.833
  1 1 2 1      35.000     45.383     -1.541
  1 1 2 2      25.000     12.986      3.334
  1 1 3 1       2.000      4.245     -1.090
  1 1 3 2       5.000      1.510      2.841
  1 2 1 1     270.000    275.352     -0.323
  1 2 1 2      42.000     37.434      0.746
  1 2 2 1      25.000     28.190     -0.601
  1 2 2 2      16.000     15.742      0.065
  1 2 3 1       4.000      6.387     -0.944
  1 2 3 2       5.000      4.507      0.232
  2 1 1 1      23.000     27.374     -0.836
  2 1 1 2       6.000      4.828      0.534
  2 1 2 1       4.000      3.052      0.543
  2 1 2 2       2.000      1.362      0.547
  2 1 3 1       1.000      0.524      0.657
  2 1 3 2       0.000      0.329     -0.573
  2 2 1 1      43.000     40.486      0.395
  2 2 1 2       9.000      7.241      0.654
  2 2 2 1       9.000      8.105      0.314
  2 2 2 2       3.000      6.083     -1.250
  2 2 3 1       2.000      2.597     -0.370
  2 2 3 2       2.000      2.020     -0.014
  3 1 1 1      26.000     27.594     -0.304
  3 1 1 2       1.000      2.166     -0.792
  3 1 2 1       3.000      2.670      0.202
  3 1 2 2       2.000      2.101     -0.070
  3 1 3 1       0.000      0.903     -0.950
  3 1 3 2       0.000      0.710     -0.843
  3 2 1 1      85.000     83.132      0.205
  3 2 1 2      13.000     15.128     -0.547
  3 2 2 1      23.000     18.651      1.007
  3 2 2 2      12.000     14.675     -0.698
  3 2 3 1       6.000      6.307     -0.122
  3 2 3 2       8.000      4.962      1.364



*** PSEUDO R-SQUARED MEASURES ***

* P(P|X) *
                         baseline   fitted   R-squared
  entropy                 0.7006    0.5315    0.2414
  qualitative variance    0.1929    0.1522    0.2110
  classification error    0.2354    0.2247    0.0457
  -2/N*log-likelihood     1.4012    1.0629    0.2414/0.2528
  likelihood^(-2/N)       4.0600    2.8948    0.2870/0.3808

* P(A|X) *
                         baseline   fitted   R-squared
  entropy                 0.6923    0.5216    0.2466
  qualitative variance    0.2496    0.1702    0.3181
  classification error    0.4800    0.2221    0.5373
  -2/N*log-likelihood     1.3847    1.0432    0.2466/0.2546
  likelihood^(-2/N)       3.9936    2.8383    0.2893/0.3859

* P(C|X) *
                         baseline   fitted   R-squared
  entropy                 0.5182    0.3865    0.2541
  qualitative variance    0.1392    0.1100    0.2100
  classification error    0.1614    0.1614   -0.0000
  -2/N*log-likelihood     1.0363    0.7730    0.2541/0.2084
  likelihood^(-2/N)       2.8188    2.1662    0.2315/0.3588

* P(U|X) *
                         baseline   fitted   R-squared
  entropy                 0.4784    0.3879    0.1893
  qualitative variance    0.1506    0.1291    0.1426
  classification error    0.1847    0.1847   -0.0000
  -2/N*log-likelihood     0.9569    0.7757    0.1893/0.1534
  likelihood^(-2/N)       2.6035    2.1722    0.1657/0.2690



*** LOG-LINEAR PARAMETERS ***

* TABLE X [or P(X)] *

  effect           beta  std err  z-value   exp(beta)     Wald  df  prob
  X 
   1            -0.5678   0.1345   -4.220      0.5668 
   2            -0.0092   0.1422   -0.065      0.9908 
   3             0.5770                        1.7806    18.41   2 0.000

* TABLE XP [or P(P|X)] *

  effect           beta  std err  z-value   exp(beta)     Wald  df  prob
  P 
   1             9.7009   0.2083   46.582  1.63E+0004 
   2             7.8369   0.1682   46.592  2.53E+0003 
   3           -17.5378                    2.42E-0008  2785.98   2 0.000
  XP 
   1 1          -9.5024   0.1893  -50.198  7.47E-0005 
   1 2          -8.3886   0.2465  -34.035  2.27E-0004 
   1 3          17.8910                    5.89E+0007 
   2 1          -8.7998   0.2895  -30.395  1.51E-0004 
   2 2          -8.6932   ******    *****  1.68E-0004 
   2 3          17.4929                    3.95E+0007 
   3 1          18.3022                    8.88E+0007 
   3 2          17.0817                    2.62E+0007 
   3 3         -35.3839                    4.29E-0016  2984.56   4 0.000

* TABLE XA [or P(A|X)] *

  effect           beta  std err  z-value   exp(beta)     Wald  df  prob
  A 
   1            -0.2713   0.0981   -2.766      0.7624 
   2             0.2713                        1.3117     7.65   1 0.006
  XA 
   1 1          -0.7006   0.1954   -3.585      0.4963 
   1 2           0.7006                        2.0151 
   2 1          -0.2011   0.1551   -1.297      0.8178 
   2 2           0.2011                        1.2228 
   3 1           0.9018                        2.4640 
   3 2          -0.9018                        0.4058    50.51   2 0.000

* TABLE XC [or P(C|X)] *

  effect           beta  std err  z-value   exp(beta)     Wald  df  prob
  C 
   1            32.4784   0.1511  214.962  1.27E+0014 
   2            25.6664   0.1185  216.563  1.40E+0011 
   3           -58.1447                    5.60E-0026 70473.05   2 0.000
  XC 
   1 1         -32.0967   0.1850 -173.492  1.15E-0014 
   1 2         -25.3151   0.1396 -181.320  1.01E-0011 
   1 3          57.4118                    8.58E+0024 
   2 1          62.3729   ******    *****  1.22E+0027 
   2 2          50.8231   ******    *****  1.18E+0022 
   2 3        -113.1960                    6.91E-0050 
   3 1         -30.2762                    7.10E-0014 
   3 2         -25.5081                    8.36E-0012 
   3 3          55.7843                    1.69E+0024 50855.70   4 0.000

* TABLE XU [or P(U|X)] *

  effect           beta  std err  z-value   exp(beta)     Wald  df  prob
  U 
   1             2.1420   0.0577   37.149      8.5163 
   2            -2.1420                        0.1174  1380.04   1 0.000
  XU 
   1 1          -2.0221   0.0791  -25.569      0.1324 
   1 2           2.0221                        7.5544 
   2 1           3.4897   ******    *****     32.7775 
   2 2          -3.4897                        0.0305 
   3 1          -1.4676                        0.2305 
   3 2           1.4676                        4.3389   653.75   2 0.000



*** (CONDITIONAL) PROBABILITIES ***

* P(X) *

  1              0.1698  (0.0307)
  2              0.2968  (0.0518)
  3              0.5334  (0.0676)

* P(P|X) *

  1 | 1          0.3788  (0.0770)
  2 | 1          0.1789  (0.0363)
  3 | 1          0.4422  (0.0686)
  1 | 2          0.6407  (0.0737)
  2 | 2          0.1105  (0.0274)
  3 | 2          0.2488  (0.0590)
  1 | 3          0.9562  (0.0139)
  2 | 3          0.0438  (0.0139)
  3 | 3          0.0000  (0.0000) *

* P(A|X) *

  1 | 1          0.1252  (0.0511)
  2 | 1          0.8748  (0.0511)
  1 | 2          0.2799  (0.0642)
  2 | 2          0.7201  (0.0642)
  1 | 3          0.7792  (0.0573)
  2 | 3          0.2208  (0.0573)

* P(C|X) *

  1 | 1          0.4351  (0.0760)
  2 | 1          0.4221  (0.0599)
  3 | 1          0.1427  (0.0336)
  1 | 2          1.0000  (0.0000)
  2 | 2          0.0000  (0.0000)
  3 | 2          0.0000  (0.0000) *
  1 | 3          0.8772  (0.0221)
  2 | 3          0.1136  (0.0194)
  3 | 3          0.0092  (0.0062)

* P(U|X) *

  1 | 1          0.5596  (0.0546)
  2 | 1          0.4404  (0.0546)
  1 | 2          1.0000  (0.0000)
  2 | 2          0.0000  (0.0000)
  1 | 3          0.7939  (0.0272)
  2 | 3          0.2061  (0.0272)



*** LATENT CLASS OUTPUT ***

          X  1    X  2    X  3
         0.1698  0.2968  0.5334
  P  1   0.3788  0.6407  0.9562
  P  2   0.1789  0.1105  0.0438
  P  3   0.4422  0.2488  0.0000
  A  1   0.1252  0.2799  0.7792
  A  2   0.8748  0.7201  0.2208
  C  1   0.4351  1.0000  0.8772
  C  2   0.4221  0.0000  0.1136
  C  3   0.1427  0.0000  0.0092
  U  1   0.5596  1.0000  0.7939
  U  2   0.4404  0.0000  0.2061

E = 0.2203, lambda = 0.5279
