LEM: log-linear and event history analysis with missing data.
Developed by Jeroen Vermunt (c), Tilburg University, The Netherlands.
Version 1.0 (September 18, 1997).


*** INPUT ***

  lat 1
man 4

dim 3 3 2 3 2
lab X P A C U
mod X P|X A|X C|X U|X




dat [419 71 35 25 2 5 270 42 25 16 4 5 23 6 4 2 1 0 43 9 9 3 2 2 26 1 3 2 0 0 85 13 23 12 6 8]
ite 10000
see 5680



*** STATISTICS ***

  Number of iterations = 598
  Converge criterion   = 0.0000009968
  Seed random values   = 5680

  X-squared            = 39.8919 (0.0005)
  L-squared            = 37.2630 (0.0012)
  Cressie-Read         = 38.3712 (0.0008)
  Dissimilarity index  = 0.0489
  Degrees of freedom   = 15
  Log-likelihood       = -2762.23089
  Number of parameters = 20 (+1)
  Sample size          = 1202.0
  BIC(L-squared)       = -69.1131
  AIC(L-squared)       = 7.2630
  BIC(log-likelihood)  = 5666.2966
  AIC(log-likelihood)  = 5564.4618

  Eigenvalues information matrix
    1003.9274   867.3148   814.3002   357.9979   323.9326   244.0976
     229.7602   181.1506   127.4338    94.2637    67.5464    49.0688
      29.5328    18.0421    12.4392     8.0387     0.0007     0.0002
       0.0000     0.0000

WARNING: 4 (nearly) boundary or non-identified (log-linear) parameters



*** FREQUENCIES ***

  P A C U     observed  estimated  std. res.
  1 1 1 1     419.000    399.049      0.999
  1 1 1 2      71.000     88.216     -1.833
  1 1 2 1      35.000     45.383     -1.541
  1 1 2 2      25.000     12.986      3.334
  1 1 3 1       2.000      4.245     -1.090
  1 1 3 2       5.000      1.510      2.841
  1 2 1 1     270.000    275.352     -0.323
  1 2 1 2      42.000     37.434      0.746
  1 2 2 1      25.000     28.190     -0.601
  1 2 2 2      16.000     15.742      0.065
  1 2 3 1       4.000      6.387     -0.944
  1 2 3 2       5.000      4.507      0.232
  2 1 1 1      23.000     27.374     -0.836
  2 1 1 2       6.000      4.828      0.534
  2 1 2 1       4.000      3.052      0.543
  2 1 2 2       2.000      1.362      0.547
  2 1 3 1       1.000      0.524      0.657
  2 1 3 2       0.000      0.329     -0.573
  2 2 1 1      43.000     40.486      0.395
  2 2 1 2       9.000      7.241      0.654
  2 2 2 1       9.000      8.105      0.314
  2 2 2 2       3.000      6.083     -1.250
  2 2 3 1       2.000      2.597     -0.370
  2 2 3 2       2.000      2.020     -0.014
  3 1 1 1      26.000     27.594     -0.304
  3 1 1 2       1.000      2.166     -0.792
  3 1 2 1       3.000      2.670      0.202
  3 1 2 2       2.000      2.101     -0.070
  3 1 3 1       0.000      0.903     -0.950
  3 1 3 2       0.000      0.710     -0.843
  3 2 1 1      85.000     83.133      0.205
  3 2 1 2      13.000     15.128     -0.547
  3 2 2 1      23.000     18.651      1.007
  3 2 2 2      12.000     14.675     -0.698
  3 2 3 1       6.000      6.307     -0.122
  3 2 3 2       8.000      4.962      1.364



*** PSEUDO R-SQUARED MEASURES ***

* P(P|X) *
                         baseline   fitted   R-squared
  entropy                 0.7006    0.5315    0.2414
  qualitative variance    0.1929    0.1522    0.2110
  classification error    0.2354    0.2247    0.0457
  -2/N*log-likelihood     1.4012    1.0629    0.2414/0.2528
  likelihood^(-2/N)       4.0600    2.8948    0.2870/0.3808

* P(A|X) *
                         baseline   fitted   R-squared
  entropy                 0.6923    0.5216    0.2466
  qualitative variance    0.2496    0.1702    0.3181
  classification error    0.4800    0.2221    0.5373
  -2/N*log-likelihood     1.3847    1.0432    0.2466/0.2546
  likelihood^(-2/N)       3.9936    2.8384    0.2893/0.3859

* P(C|X) *
                         baseline   fitted   R-squared
  entropy                 0.5182    0.3865    0.2541
  qualitative variance    0.1392    0.1100    0.2100
  classification error    0.1614    0.1614   -0.0000
  -2/N*log-likelihood     1.0363    0.7730    0.2541/0.2084
  likelihood^(-2/N)       2.8188    2.1662    0.2315/0.3588

* P(U|X) *
                         baseline   fitted   R-squared
  entropy                 0.4784    0.3879    0.1893
  qualitative variance    0.1506    0.1291    0.1426
  classification error    0.1847    0.1847   -0.0000
  -2/N*log-likelihood     0.9569    0.7757    0.1893/0.1534
  likelihood^(-2/N)       2.6035    2.1722    0.1657/0.2690



*** LOG-LINEAR PARAMETERS ***

* TABLE X [or P(X)] *

  effect           beta  std err  z-value   exp(beta)     Wald  df  prob
  X 
   1             0.5770   0.1790    3.222      1.7806 
   2            -0.5678   0.1346   -4.219      0.5668 
   3            -0.0092                        0.9908    18.39   2 0.000

* TABLE XP [or P(P|X)] *

  effect           beta  std err  z-value   exp(beta)     Wald  df  prob
  P 
   1             8.0059   0.1806   44.324  3.00E+0003 
   2             6.1419   0.1674   36.695    464.9302 
   3           -14.1478                    7.17E-0007  2296.57   2 0.000
  XP 
   1 1          14.9121   0.3747   39.797  2.99E+0006 
   1 2          13.6916   0.2465   55.538  8.83E+0005 
   1 3         -28.6037                    3.78E-0013 
   2 1          -7.8074   0.2642  -29.550  4.07E-0004 
   2 2          -6.6935   ******    *****      0.0012 
   2 3          14.5009                    1.98E+0006 
   3 1          -7.1047                    8.21E-0004 
   3 2          -6.9981                    9.14E-0004 
   3 3          14.1028                    1.33E+0006  4629.35   4 0.000

* TABLE XA [or P(A|X)] *

  effect           beta  std err  z-value   exp(beta)     Wald  df  prob
  A 
   1            -0.2713   0.0981   -2.767      0.7624 
   2             0.2713                        1.3117     7.66   1 0.006
  XA 
   1 1           0.9018   0.1282    7.036      2.4640 
   1 2          -0.9018                        0.4058 
   2 1          -0.7006   0.1956   -3.581      0.4963 
   2 2           0.7006                        2.0150 
   3 1          -0.2011                        0.8178 
   3 2           0.2011                        1.2228    50.32   2 0.000

* TABLE XC [or P(C|X)] *

  effect           beta  std err  z-value   exp(beta)     Wald  df  prob
  C 
   1            26.5791   0.2139  124.240  3.49E+0011 
   2            20.6751   0.1363  151.700  9.53E+0008 
   3           -47.2542                    3.00E-0021 81896.47   2 0.000
  XC 
   1 1         -24.3770   0.3702  -65.843  2.59E-0011 
   1 2         -20.5168   0.2793  -73.469  1.22E-0009 
   1 3          44.8938                    3.14E+0019 
   2 1         -26.1975   ******    *****  4.19E-0012 
   2 2         -20.3238   ******    *****  1.49E-0009 
   2 3          46.5213                    1.60E+0020 
   3 1          50.5745                    9.21E+0021 
   3 2          40.8406                    5.46E+0017 
   3 3         -91.4150                    1.99E-0040  7870.36   4 0.000

* TABLE XU [or P(U|X)] *

  effect           beta  std err  z-value   exp(beta)     Wald  df  prob
  U 
   1             2.1463   0.1108   19.376      8.5528 
   2            -2.1463                        0.1169   375.42   1 0.000
  XU 
   1 1          -1.4719   0.1582   -9.303      0.2295 
   1 2           1.4719                        4.3575 
   2 1          -2.0264   ******    *****      0.1318 
   2 2           2.0264                        7.5868 
   3 1           3.4983                       33.0590 
   3 2          -3.4983                        0.0302    86.55   2 0.000



*** (CONDITIONAL) PROBABILITIES ***

* P(X) *

  1              0.5334  (0.0676)
  2              0.1698  (0.0307)
  3              0.2968  (0.0519)

* P(P|X) *

  1 | 1          0.9562  (0.0139)
  2 | 1          0.0438  (0.0139)
  3 | 1          0.0000  (0.0000) *
  1 | 2          0.3788  (0.0770)
  2 | 2          0.1789  (0.0363)
  3 | 2          0.4422  (0.0686)
  1 | 3          0.6407  (0.0737)
  2 | 3          0.1105  (0.0275)
  3 | 3          0.2488  (0.0591)

* P(A|X) *

  1 | 1          0.7792  (0.0574)
  2 | 1          0.2208  (0.0574)
  1 | 2          0.1252  (0.0511)
  2 | 2          0.8748  (0.0511)
  1 | 3          0.2799  (0.0642)
  2 | 3          0.7201  (0.0642)

* P(C|X) *

  1 | 1          0.8772  (0.0221)
  2 | 1          0.1136  (0.0194)
  3 | 1          0.0092  (0.0062)
  1 | 2          0.4351  (0.0760)
  2 | 2          0.4221  (0.0599)
  3 | 2          0.1427  (0.0336)
  1 | 3          1.0000  (0.0000)
  2 | 3          0.0000  (0.0000)
  3 | 3          0.0000  (0.0000) *

* P(U|X) *

  1 | 1          0.7939  (0.0272)
  2 | 1          0.2061  (0.0272)
  1 | 2          0.5596  (0.0546)
  2 | 2          0.4404  (0.0546)
  1 | 3          1.0000  (0.0000)
  2 | 3          0.0000  (0.0000)



*** LATENT CLASS OUTPUT ***

          X  1    X  2    X  3
         0.5334  0.1698  0.2968
  P  1   0.9562  0.3788  0.6407
  P  2   0.0438  0.1789  0.1105
  P  3   0.0000  0.4422  0.2488
  A  1   0.7792  0.1252  0.2799
  A  2   0.2208  0.8748  0.7201
  C  1   0.8772  0.4351  1.0000
  C  2   0.1136  0.4221  0.0000
  C  3   0.0092  0.1427  0.0000
  U  1   0.7939  0.5596  1.0000
  U  2   0.2061  0.4404  0.0000

E = 0.2203, lambda = 0.5279
