LEM: log-linear and event history analysis with missing data.
Developed by Jeroen Vermunt (c), Tilburg University, The Netherlands.
Version 1.0 (September 18, 1997).


*** INPUT ***

  lat 1
man 4

dim 3 3 2 3 2
lab X P A C U
mod X P|X A|X C|X U|X




dat [419 71 35 25 2 5 270 42 25 16 4 5 23 6 4 2 1 0 43 9 9 3 2 2 26 1 3 2 0 0 85 13 23 12 6 8]
ite 10000
see 5184



*** STATISTICS ***

  Number of iterations = 496
  Converge criterion   = 0.0000009900
  Seed random values   = 5184

  X-squared            = 23.5325 (0.0735)
  L-squared            = 21.8921 (0.1107)
  Cressie-Read         = 22.6166 (0.0926)
  Dissimilarity index  = 0.0273
  Degrees of freedom   = 15
  Log-likelihood       = -2754.54547
  Number of parameters = 20 (+1)
  Sample size          = 1202.0
  BIC(L-squared)       = -84.4840
  AIC(L-squared)       = -8.1079
  BIC(log-likelihood)  = 5650.9258
  AIC(log-likelihood)  = 5549.0909

  Eigenvalues information matrix
    1824.7160   960.8125   452.5458   318.6543   316.7951   280.9240
     207.4305   168.9288   151.0474   117.8014    83.1146    53.3403
      44.3446    30.5081     9.8631     7.8896     3.1575     1.0149
       0.0008    -0.0001

WARNING: 2 (nearly) boundary or non-identified (log-linear) parameters



*** FREQUENCIES ***

  P A C U     observed  estimated  std. res.
  1 1 1 1     419.000    415.260      0.184
  1 1 1 2      71.000     69.742      0.151
  1 1 2 1      35.000     35.035     -0.006
  1 1 2 2      25.000     25.826     -0.162
  1 1 3 1       2.000      2.600     -0.372
  1 1 3 2       5.000      5.569     -0.241
  1 2 1 1     270.000    272.937     -0.178
  1 2 1 2      42.000     42.375     -0.058
  1 2 2 1      25.000     26.497     -0.291
  1 2 2 2      16.000     15.821      0.045
  1 2 3 1       4.000      3.595      0.214
  1 2 3 2       5.000      3.743      0.650
  2 1 1 1      23.000     26.133     -0.613
  2 1 1 2       6.000      5.697      0.127
  2 1 2 1       4.000      2.587      0.878
  2 1 2 2       2.000      2.116     -0.080
  2 1 3 1       1.000      0.311      1.234
  2 1 3 2       0.000      0.473     -0.687
  2 2 1 1      43.000     37.585      0.883
  2 2 1 2       9.000     10.101     -0.346
  2 2 2 1       9.000     10.063     -0.335
  2 2 2 2       3.000      3.948     -0.477
  2 2 3 1       2.000      3.603     -0.844
  2 2 3 2       2.000      1.382      0.525
  3 1 1 1      26.000     27.887     -0.357
  3 1 1 2       1.000      1.927     -0.668
  3 1 2 1       3.000      2.534      0.293
  3 1 2 2       2.000      0.732      1.481
  3 1 3 1       0.000      0.364     -0.604
  3 1 3 2       0.000      0.206     -0.454
  3 2 1 1      85.000     77.577      0.843
  3 2 1 2      13.000     20.778     -1.706
  3 2 2 1      23.000     25.559     -0.506
  3 2 2 2      12.000      8.280      1.293
  3 2 3 1       6.000      9.871     -1.232
  3 2 3 2       8.000      3.283      2.604



*** PSEUDO R-SQUARED MEASURES ***

* P(P|X) *
                         baseline   fitted   R-squared
  entropy                 0.7006    0.4918    0.2980
  qualitative variance    0.1929    0.1261    0.3463
  classification error    0.2354    0.1510    0.3586
  -2/N*log-likelihood     1.4012    0.9837    0.2980/0.2945
  likelihood^(-2/N)       4.0600    2.6742    0.3413/0.4529

* P(A|X) *
                         baseline   fitted   R-squared
  entropy                 0.6923    0.5726    0.1730
  qualitative variance    0.2496    0.1997    0.1999
  classification error    0.4800    0.3185    0.3364
  -2/N*log-likelihood     1.3847    1.1451    0.1730/0.1933
  likelihood^(-2/N)       3.9936    3.1428    0.2130/0.2842

* P(C|X) *
                         baseline   fitted   R-squared
  entropy                 0.5182    0.4433    0.1446
  qualitative variance    0.1392    0.1247    0.1042
  classification error    0.1614    0.1614    0.0000
  -2/N*log-likelihood     1.0363    0.8865    0.1446/0.1303
  likelihood^(-2/N)       2.8188    2.4266    0.1391/0.2156

* P(U|X) *
                         baseline   fitted   R-squared
  entropy                 0.4784    0.2250    0.5298
  qualitative variance    0.1506    0.0766    0.4916
  classification error    0.1847    0.1073    0.4188
  -2/N*log-likelihood     0.9569    0.4500    0.5298/0.3364
  likelihood^(-2/N)       2.6035    1.5682    0.3976/0.6456



*** LOG-LINEAR PARAMETERS ***

* TABLE X [or P(X)] *

  effect           beta  std err  z-value   exp(beta)     Wald  df  prob
  X 
   1            -0.3049   0.2235   -1.365      0.7372 
   2            -0.4884   0.1875   -2.605      0.6136 
   3             0.7934                        2.2109    45.08   2 0.000

* TABLE XP [or P(P|X)] *

  effect           beta  std err  z-value   exp(beta)     Wald  df  prob
  P 
   1             1.1256   0.3025    3.721      3.0819 
   2            -0.5097   0.1816   -2.807      0.6007 
   3            -0.6159                        0.5402    26.67   2 0.000
  XP 
   1 1           1.0550   0.3969    2.658      2.8718 
   1 2           0.1461   0.3458    0.423      1.1574 
   1 3          -1.2011                        0.3009 
   2 1          -1.7734   0.4155   -4.268      0.1698 
   2 2           0.3157   0.2808    1.124      1.3712 
   2 3           1.4577                        4.2960 
   3 1           0.7184                        2.0512 
   3 2          -0.4618                        0.6301 
   3 3          -0.2566                        0.7737    25.97   4 0.000

* TABLE XA [or P(A|X)] *

  effect           beta  std err  z-value   exp(beta)     Wald  df  prob
  A 
   1            -0.3939   0.3593   -1.096      0.6744 
   2             0.3939                        1.4828     1.20   1 0.273
  XA 
   1 1           0.6985   0.3553    1.966      2.0107 
   1 2          -0.6985                        0.4973 
   2 1          -1.3223   0.7005   -1.888      0.2665 
   2 2           1.3223                        3.7522 
   3 1           0.6238                        1.8661 
   3 2          -0.6238                        0.5359     3.97   2 0.137

* TABLE XC [or P(C|X)] *

  effect           beta  std err  z-value   exp(beta)     Wald  df  prob
  C 
   1            10.8159   0.1689   64.026  4.98E+0004 
   2             9.2429   0.1401   65.982  1.03E+0004 
   3           -20.0588                    1.94E-0009  5112.15   2 0.000
  XC 
   1 1          -9.6415   0.1786  -53.987  6.50E-0005 
   1 2          -9.0620   0.2239  -40.471  1.16E-0004 
   1 3          18.7035                    1.32E+0008 
   2 1          -9.9006   0.1948  -50.832  5.01E-0005 
   2 2          -9.2451   ******    *****  9.66E-0005 
   2 3          19.1458                    2.06E+0008 
   3 1          19.5422                    3.07E+0008 
   3 2          18.3072                    8.93E+0007 
   3 3         -37.8493                    3.65E-0017  3920.57   4 0.000

* TABLE XU [or P(U|X)] *

  effect           beta  std err  z-value   exp(beta)     Wald  df  prob
  U 
   1             2.0752   0.1029   20.159      7.9660 
   2            -2.0752                        0.1255   406.39   1 0.000
  XU 
   1 1          -2.4679   0.3735   -6.608      0.0848 
   1 2           2.4679                       11.7975 
   2 1          -1.5175   ******    *****      0.2193 
   2 2           1.5175                        4.5607 
   3 1           3.9854                       53.8051 
   3 2          -3.9854                        0.0186    43.66   2 0.000



*** (CONDITIONAL) PROBABILITIES ***

* P(X) *

  1              0.2070  (0.0520)
  2              0.1723  (0.0349)
  3              0.6207  (0.0462)

* P(P|X) *

  1 | 1          0.9117  (0.0409)
  2 | 1          0.0716  (0.0255)
  3 | 1          0.0167  (0.0251)
  1 | 2          0.1427  (0.1056)
  2 | 2          0.2246  (0.0441)
  3 | 2          0.6328  (0.0920)
  1 | 3          0.8881  (0.0209)
  2 | 3          0.0532  (0.0119)
  3 | 3          0.0587  (0.0158)

* P(A|X) *

  1 | 1          0.6478  (0.0509)
  2 | 1          0.3522  (0.0509)
  1 | 2          0.0313  (0.0640)
  2 | 2          0.9687  (0.0640)
  1 | 3          0.6130  (0.0245)
  2 | 3          0.3870  (0.0245)

* P(C|X) *

  1 | 1          0.6897  (0.0379)
  2 | 1          0.2554  (0.0353)
  3 | 1          0.0550  (0.0191)
  1 | 2          0.6410  (0.0422)
  2 | 2          0.2561  (0.0371)
  3 | 2          0.1030  (0.0247)
  1 | 3          0.9431  (0.0188)
  2 | 3          0.0569  (0.0188)
  3 | 3          0.0000  (0.0000) *

* P(U|X) *

  1 | 1          0.3132  (0.1537)
  2 | 1          0.6868  (0.1537)
  1 | 2          0.7531  (0.0383)
  2 | 2          0.2469  (0.0383)
  1 | 3          1.0000  (0.0000)
  2 | 3          0.0000  (0.0000)



*** LATENT CLASS OUTPUT ***

          X  1    X  2    X  3
         0.2070  0.1723  0.6207
  P  1   0.9117  0.1427  0.8881
  P  2   0.0716  0.2246  0.0532
  P  3   0.0167  0.6328  0.0587
  A  1   0.6478  0.0313  0.6130
  A  2   0.3522  0.9687  0.3870
  C  1   0.6897  0.6410  0.9431
  C  2   0.2554  0.2561  0.0569
  C  3   0.0550  0.1030  0.0000
  U  1   0.3132  0.7531  1.0000
  U  2   0.6868  0.2469  0.0000

E = 0.1209, lambda = 0.6811
