LEM: log-linear and event history analysis with missing data.
Developed by Jeroen Vermunt (c), Tilburg University, The Netherlands.
Version 1.0 (September 18, 1997).


*** INPUT ***

  lat 1
man 4

dim 3 3 2 3 2
lab X P A C U
mod X P|X A|X C|X U|X




dat [419 71 35 25 2 5 270 42 25 16 4 5 23 6 4 2 1 0 43 9 9 3 2 2 26 1 3 2 0 0 85 13 23 12 6 8]
ite 10000
see 7945



*** STATISTICS ***

  Number of iterations = 443
  Converge criterion   = 0.0000009992
  Seed random values   = 7945

  X-squared            = 23.5328 (0.0735)
  L-squared            = 21.8921 (0.1107)
  Cressie-Read         = 22.6170 (0.0926)
  Dissimilarity index  = 0.0273
  Degrees of freedom   = 15
  Log-likelihood       = -2754.54547
  Number of parameters = 20 (+1)
  Sample size          = 1202.0
  BIC(L-squared)       = -84.4840
  AIC(L-squared)       = -8.1079
  BIC(log-likelihood)  = 5650.9258
  AIC(log-likelihood)  = 5549.0909

  Eigenvalues information matrix
    1824.5263   960.8415   452.6017   318.6804   316.8337   280.9109
     207.4185   168.9441   151.0432   117.7466    83.1110    53.3447
      44.3491    30.5222     9.8663     7.8943     3.1526     1.0118
       0.0007    -0.0000

WARNING: 2 (nearly) boundary or non-identified (log-linear) parameters



*** FREQUENCIES ***

  P A C U     observed  estimated  std. res.
  1 1 1 1     419.000    415.256      0.184
  1 1 1 2      71.000     69.741      0.151
  1 1 2 1      35.000     35.038     -0.006
  1 1 2 2      25.000     25.826     -0.163
  1 1 3 1       2.000      2.602     -0.373
  1 1 3 2       5.000      5.568     -0.241
  1 2 1 1     270.000    272.939     -0.178
  1 2 1 2      42.000     42.375     -0.058
  1 2 2 1      25.000     26.496     -0.291
  1 2 2 2      16.000     15.822      0.045
  1 2 3 1       4.000      3.594      0.214
  1 2 3 2       5.000      3.743      0.650
  2 1 1 1      23.000     26.133     -0.613
  2 1 1 2       6.000      5.698      0.127
  2 1 2 1       4.000      2.587      0.878
  2 1 2 2       2.000      2.116     -0.080
  2 1 3 1       1.000      0.311      1.234
  2 1 3 2       0.000      0.473     -0.687
  2 2 1 1      43.000     37.584      0.883
  2 2 1 2       9.000     10.101     -0.346
  2 2 2 1       9.000     10.063     -0.335
  2 2 2 2       3.000      3.948     -0.477
  2 2 3 1       2.000      3.603     -0.844
  2 2 3 2       2.000      1.382      0.525
  3 1 1 1      26.000     27.889     -0.358
  3 1 1 2       1.000      1.927     -0.668
  3 1 2 1       3.000      2.533      0.294
  3 1 2 2       2.000      0.732      1.481
  3 1 3 1       0.000      0.364     -0.603
  3 1 3 2       0.000      0.206     -0.454
  3 2 1 1      85.000     77.579      0.843
  3 2 1 2      13.000     20.778     -1.706
  3 2 2 1      23.000     25.558     -0.506
  3 2 2 2      12.000      8.280      1.293
  3 2 3 1       6.000      9.871     -1.232
  3 2 3 2       8.000      3.283      2.604



*** PSEUDO R-SQUARED MEASURES ***

* P(P|X) *
                         baseline   fitted   R-squared
  entropy                 0.7006    0.4918    0.2980
  qualitative variance    0.1929    0.1261    0.3463
  classification error    0.2354    0.1510    0.3586
  -2/N*log-likelihood     1.4012    0.9837    0.2980/0.2945
  likelihood^(-2/N)       4.0600    2.6743    0.3413/0.4529

* P(A|X) *
                         baseline   fitted   R-squared
  entropy                 0.6923    0.5725    0.1730
  qualitative variance    0.2496    0.1997    0.1999
  classification error    0.4800    0.3186    0.3364
  -2/N*log-likelihood     1.3847    1.1451    0.1730/0.1933
  likelihood^(-2/N)       3.9936    3.1428    0.2131/0.2842

* P(C|X) *
                         baseline   fitted   R-squared
  entropy                 0.5182    0.4432    0.1446
  qualitative variance    0.1392    0.1247    0.1042
  classification error    0.1614    0.1614    0.0000
  -2/N*log-likelihood     1.0363    0.8865    0.1446/0.1303
  likelihood^(-2/N)       2.8188    2.4266    0.1392/0.2157

* P(U|X) *
                         baseline   fitted   R-squared
  entropy                 0.4784    0.2250    0.5296
  qualitative variance    0.1506    0.0766    0.4914
  classification error    0.1847    0.1074    0.4184
  -2/N*log-likelihood     0.9569    0.4501    0.5296/0.3363
  likelihood^(-2/N)       2.6035    1.5684    0.3976/0.6455



*** LOG-LINEAR PARAMETERS ***

* TABLE X [or P(X)] *

  effect           beta  std err  z-value   exp(beta)     Wald  df  prob
  X 
   1            -0.3046   0.2235   -1.363      0.7374 
   2            -0.4887   0.1876   -2.605      0.6134 
   3             0.7933                        2.2106    45.04   2 0.000

* TABLE XP [or P(P|X)] *

  effect           beta  std err  z-value   exp(beta)     Wald  df  prob
  P 
   1             1.1252   0.3024    3.720      3.0808 
   2            -0.5097   0.1814   -2.810      0.6007 
   3            -0.6154                        0.5404    26.62   2 0.000
  XP 
   1 1           1.0548   0.3966    2.659      2.8714 
   1 2           0.1459   0.3455    0.422      1.1571 
   1 3          -1.2007                        0.3010 
   2 1          -1.7735   0.4157   -4.266      0.1697 
   2 2           0.3159   0.2808    1.125      1.3715 
   2 3           1.4575                        4.2954 
   3 1           0.7187                        2.0518 
   3 2          -0.4618                        0.6301 
   3 3          -0.2569                        0.7735    25.95   4 0.000

* TABLE XA [or P(A|X)] *

  effect           beta  std err  z-value   exp(beta)     Wald  df  prob
  A 
   1            -0.3943   0.3602   -1.095      0.6741 
   2             0.3943                        1.4834     1.20   1 0.274
  XA 
   1 1           0.6988   0.3562    1.962      2.0114 
   1 2          -0.6988                        0.4972 
   2 1          -1.3230   0.7023   -1.884      0.2663 
   2 2           1.3230                        3.7548 
   3 1           0.6242                        1.8668 
   3 2          -0.6242                        0.5357     3.96   2 0.138

* TABLE XC [or P(C|X)] *

  effect           beta  std err  z-value   exp(beta)     Wald  df  prob
  C 
   1            10.6946   0.1690   63.285  4.41E+0004 
   2             9.1215   0.1401   65.108  9.15E+0003 
   3           -19.8161                    2.48E-0009  4985.89   2 0.000
  XC 
   1 1          -9.5202   0.1786  -53.300  7.34E-0005 
   1 2          -8.9406   0.2239  -39.928  1.31E-0004 
   1 3          18.4607                    1.04E+0008 
   2 1          -9.7794   0.1948  -50.195  5.66E-0005 
   2 2          -9.1238   ******    *****  1.09E-0004 
   2 3          18.9032                    1.62E+0008 
   3 1          19.2996                    2.41E+0008 
   3 2          18.0643                    7.00E+0007 
   3 3         -37.3639                    5.93E-0017  3821.48   4 0.000

* TABLE XU [or P(U|X)] *

  effect           beta  std err  z-value   exp(beta)     Wald  df  prob
  U 
   1             2.0878   0.1029   20.281      8.0674 
   2            -2.0878                        0.1240   411.33   1 0.000
  XU 
   1 1          -2.4800   0.3733   -6.644      0.0837 
   1 2           2.4800                       11.9413 
   2 1          -1.5301   ******    *****      0.2165 
   2 2           1.5301                        4.6187 
   3 1           4.0101                       55.1532 
   3 2          -4.0101                        0.0181    44.14   2 0.000



*** (CONDITIONAL) PROBABILITIES ***

* P(X) *

  1              0.2071  (0.0520)
  2              0.1722  (0.0349)
  3              0.6207  (0.0462)

* P(P|X) *

  1 | 1          0.9116  (0.0409)
  2 | 1          0.0716  (0.0255)
  3 | 1          0.0168  (0.0251)
  1 | 2          0.1426  (0.1057)
  2 | 2          0.2246  (0.0441)
  3 | 2          0.6328  (0.0920)
  1 | 3          0.8881  (0.0209)
  2 | 3          0.0532  (0.0119)
  3 | 3          0.0587  (0.0158)

* P(A|X) *

  1 | 1          0.6477  (0.0509)
  2 | 1          0.3523  (0.0509)
  1 | 2          0.0312  (0.0640)
  2 | 2          0.9688  (0.0640)
  1 | 3          0.6130  (0.0245)
  2 | 3          0.3870  (0.0245)

* P(C|X) *

  1 | 1          0.6897  (0.0379)
  2 | 1          0.2554  (0.0353)
  3 | 1          0.0549  (0.0191)
  1 | 2          0.6409  (0.0422)
  2 | 2          0.2561  (0.0371)
  3 | 2          0.1030  (0.0247)
  1 | 3          0.9431  (0.0188)
  2 | 3          0.0569  (0.0188)
  3 | 3          0.0000  (0.0000) *

* P(U|X) *

  1 | 1          0.3134  (0.1537)
  2 | 1          0.6866  (0.1537)
  1 | 2          0.7531  (0.0383)
  2 | 2          0.2469  (0.0383)
  1 | 3          1.0000  (0.0000)
  2 | 3          0.0000  (0.0000)



*** LATENT CLASS OUTPUT ***

          X  1    X  2    X  3
         0.2071  0.1722  0.6207
  P  1   0.9116  0.1426  0.8881
  P  2   0.0716  0.2246  0.0532
  P  3   0.0168  0.6328  0.0587
  A  1   0.6477  0.0312  0.6130
  A  2   0.3523  0.9688  0.3870
  C  1   0.6897  0.6409  0.9431
  C  2   0.2554  0.2561  0.0569
  C  3   0.0549  0.1030  0.0000
  U  1   0.3134  0.7531  1.0000
  U  2   0.6866  0.2469  0.0000

E = 0.1210, lambda = 0.6810
