LEM: log-linear and event history analysis with missing data.
Developed by Jeroen Vermunt (c), Tilburg University, The Netherlands.
Version 1.0 (September 18, 1997).


*** INPUT ***

  lat 1
man 4

dim 3 3 2 3 2
lab X P A C U
mod X P|X A|X C|X U|X




dat [419 71 35 25 2 5 270 42 25 16 4 5 23 6 4 2 1 0 43 9 9 3 2 2 26 1 3 2 0 0 85 13 23 12 6 8]
ite 10000
see 9814



*** STATISTICS ***

  Number of iterations = 485
  Converge criterion   = 0.0000009978
  Seed random values   = 9814

  X-squared            = 23.5325 (0.0735)
  L-squared            = 21.8921 (0.1107)
  Cressie-Read         = 22.6166 (0.0926)
  Dissimilarity index  = 0.0273
  Degrees of freedom   = 15
  Log-likelihood       = -2754.54547
  Number of parameters = 20 (+1)
  Sample size          = 1202.0
  BIC(L-squared)       = -84.4840
  AIC(L-squared)       = -8.1079
  BIC(log-likelihood)  = 5650.9258
  AIC(log-likelihood)  = 5549.0909

  Eigenvalues information matrix
    1448.3240   669.9910   418.5826   356.7031   317.4919   282.4982
     235.7217   189.0103   172.2970   128.8361    91.2839    75.6821
      48.1987    20.8909    11.4520     8.6058     5.8708     1.6259
       0.0004     0.0001

WARNING: 2 (nearly) boundary or non-identified (log-linear) parameters



*** FREQUENCIES ***

  P A C U     observed  estimated  std. res.
  1 1 1 1     419.000    415.259      0.184
  1 1 1 2      71.000     69.742      0.151
  1 1 2 1      35.000     35.035     -0.006
  1 1 2 2      25.000     25.826     -0.162
  1 1 3 1       2.000      2.600     -0.372
  1 1 3 2       5.000      5.569     -0.241
  1 2 1 1     270.000    272.938     -0.178
  1 2 1 2      42.000     42.375     -0.058
  1 2 2 1      25.000     26.497     -0.291
  1 2 2 2      16.000     15.821      0.045
  1 2 3 1       4.000      3.595      0.214
  1 2 3 2       5.000      3.743      0.650
  2 1 1 1      23.000     26.133     -0.613
  2 1 1 2       6.000      5.697      0.127
  2 1 2 1       4.000      2.587      0.878
  2 1 2 2       2.000      2.116     -0.080
  2 1 3 1       1.000      0.311      1.234
  2 1 3 2       0.000      0.473     -0.687
  2 2 1 1      43.000     37.585      0.883
  2 2 1 2       9.000     10.101     -0.346
  2 2 2 1       9.000     10.063     -0.335
  2 2 2 2       3.000      3.948     -0.477
  2 2 3 1       2.000      3.603     -0.844
  2 2 3 2       2.000      1.382      0.525
  3 1 1 1      26.000     27.888     -0.357
  3 1 1 2       1.000      1.927     -0.668
  3 1 2 1       3.000      2.534      0.293
  3 1 2 2       2.000      0.732      1.481
  3 1 3 1       0.000      0.364     -0.604
  3 1 3 2       0.000      0.206     -0.454
  3 2 1 1      85.000     77.578      0.843
  3 2 1 2      13.000     20.778     -1.706
  3 2 2 1      23.000     25.559     -0.506
  3 2 2 2      12.000      8.280      1.293
  3 2 3 1       6.000      9.871     -1.232
  3 2 3 2       8.000      3.283      2.604



*** PSEUDO R-SQUARED MEASURES ***

* P(P|X) *
                         baseline   fitted   R-squared
  entropy                 0.7006    0.4918    0.2980
  qualitative variance    0.1929    0.1261    0.3463
  classification error    0.2354    0.1510    0.3586
  -2/N*log-likelihood     1.4012    0.9837    0.2980/0.2945
  likelihood^(-2/N)       4.0600    2.6742    0.3413/0.4529

* P(A|X) *
                         baseline   fitted   R-squared
  entropy                 0.6923    0.5726    0.1730
  qualitative variance    0.2496    0.1997    0.1999
  classification error    0.4800    0.3185    0.3364
  -2/N*log-likelihood     1.3847    1.1451    0.1730/0.1933
  likelihood^(-2/N)       3.9936    3.1428    0.2130/0.2842

* P(C|X) *
                         baseline   fitted   R-squared
  entropy                 0.5182    0.4433    0.1446
  qualitative variance    0.1392    0.1247    0.1042
  classification error    0.1614    0.1614    0.0000
  -2/N*log-likelihood     1.0363    0.8865    0.1446/0.1303
  likelihood^(-2/N)       2.8188    2.4266    0.1391/0.2156

* P(U|X) *
                         baseline   fitted   R-squared
  entropy                 0.4784    0.2250    0.5297
  qualitative variance    0.1506    0.0766    0.4916
  classification error    0.1847    0.1074    0.4187
  -2/N*log-likelihood     0.9569    0.4500    0.5297/0.3364
  likelihood^(-2/N)       2.6035    1.5683    0.3976/0.6456



*** LOG-LINEAR PARAMETERS ***

* TABLE X [or P(X)] *

  effect           beta  std err  z-value   exp(beta)     Wald  df  prob
  X 
   1            -0.3049   0.2235   -1.364      0.7372 
   2             0.7934   0.1267    6.263      2.2108 
   3            -0.4885                        0.6136    45.23   2 0.000

* TABLE XP [or P(P|X)] *

  effect           beta  std err  z-value   exp(beta)     Wald  df  prob
  P 
   1             1.1255   0.3018    3.729      3.0818 
   2            -0.5097   0.1816   -2.807      0.6007 
   3            -0.6158                        0.5402    26.66   2 0.000
  XP 
   1 1           1.0549   0.3969    2.658      2.8718 
   1 2           0.1461   0.3453    0.423      1.1573 
   1 3          -1.2010                        0.3009 
   2 1           0.7185   0.2689    2.672      2.0513 
   2 2          -0.4618   0.2207   -2.092      0.6301 
   2 3          -0.2566                        0.7737 
   3 1          -1.7734                        0.1698 
   3 2           0.3157                        1.3712 
   3 3           1.4577                        4.2959    25.92   4 0.000

* TABLE XA [or P(A|X)] *

  effect           beta  std err  z-value   exp(beta)     Wald  df  prob
  A 
   1            -0.3940   0.3586   -1.099      0.6744 
   2             0.3940                        1.4829     1.21   1 0.272
  XA 
   1 1           0.6985   0.3548    1.969      2.0108 
   1 2          -0.6985                        0.4973 
   2 1           0.6239   0.3538    1.764      1.8662 
   2 2          -0.6239                        0.5359 
   3 1          -1.3224                        0.2665 
   3 2           1.3224                        3.7525     3.98   2 0.137

* TABLE XC [or P(C|X)] *

  effect           beta  std err  z-value   exp(beta)     Wald  df  prob
  C 
   1            10.8545   0.1593   68.152  5.18E+0004 
   2             9.2815   0.1026   90.489  1.07E+0004 
   3           -20.1360                    1.80E-0009  8582.48   2 0.000
  XC 
   1 1          -9.6801   0.1515  -63.915  6.25E-0005 
   1 2          -9.1006   0.1120  -81.289  1.11E-0004 
   1 3          18.7807                    1.43E+0008 
   2 1          19.6194   0.2662   73.691  3.32E+0008 
   2 2          18.3844   ******    *****  9.64E+0007 
   2 3         -38.0037                    3.13E-0017 
   3 1          -9.9393                    4.82E-0005 
   3 2          -9.2837                    9.29E-0005 
   3 3          19.2230                    2.23E+0008 14798.58   4 0.000

* TABLE XU [or P(U|X)] *

  effect           beta  std err  z-value   exp(beta)     Wald  df  prob
  U 
   1             2.0747   0.1851   11.206      7.9623 
   2            -2.0747                        0.1256   125.58   1 0.000
  XU 
   1 1          -2.4673   0.1867  -13.216      0.0848 
   1 2           2.4673                       11.7911 
   2 1           3.9843   ******    *****     53.7502 
   2 2          -3.9843                        0.0186 
   3 1          -1.5170                        0.2194 
   3 2           1.5170                        4.5586   174.65   2 0.000



*** (CONDITIONAL) PROBABILITIES ***

* P(X) *

  1              0.2070  (0.0520)
  2              0.6207  (0.0462)
  3              0.1723  (0.0348)

* P(P|X) *

  1 | 1          0.9116  (0.0409)
  2 | 1          0.0716  (0.0255)
  3 | 1          0.0167  (0.0251)
  1 | 2          0.8881  (0.0209)
  2 | 2          0.0532  (0.0119)
  3 | 2          0.0587  (0.0158)
  1 | 3          0.1426  (0.1056)
  2 | 3          0.2246  (0.0441)
  3 | 3          0.6328  (0.0920)

* P(A|X) *

  1 | 1          0.6477  (0.0509)
  2 | 1          0.3523  (0.0509)
  1 | 2          0.6130  (0.0245)
  2 | 2          0.3870  (0.0245)
  1 | 3          0.0313  (0.0639)
  2 | 3          0.9687  (0.0639)

* P(C|X) *

  1 | 1          0.6897  (0.0379)
  2 | 1          0.2554  (0.0353)
  3 | 1          0.0550  (0.0191)
  1 | 2          0.9431  (0.0188)
  2 | 2          0.0569  (0.0188)
  3 | 2          0.0000  (0.0000) *
  1 | 3          0.6410  (0.0422)
  2 | 3          0.2561  (0.0371)
  3 | 3          0.1030  (0.0247)

* P(U|X) *

  1 | 1          0.3132  (0.1537)
  2 | 1          0.6868  (0.1537)
  1 | 2          1.0000  (0.0000)
  2 | 2          0.0000  (0.0000)
  1 | 3          0.7531  (0.0383)
  2 | 3          0.2469  (0.0383)



*** LATENT CLASS OUTPUT ***

          X  1    X  2    X  3
         0.2070  0.6207  0.1723
  P  1   0.9116  0.8881  0.1426
  P  2   0.0716  0.0532  0.2246
  P  3   0.0167  0.0587  0.6328
  A  1   0.6477  0.6130  0.0313
  A  2   0.3523  0.3870  0.9687
  C  1   0.6897  0.9431  0.6410
  C  2   0.2554  0.0569  0.2561
  C  3   0.0550  0.0000  0.1030
  U  1   0.3132  1.0000  0.7531
  U  2   0.6868  0.0000  0.2469

E = 0.1209, lambda = 0.6811
