LEM: log-linear and event history analysis with missing data.
Developed by Jeroen Vermunt (c), Tilburg University, The Netherlands.
Version 1.0 (September 18, 1997).


*** INPUT ***

  lat 1
man 4

dim 3 3 2 3 2
lab X P A C U
mod X 
               P|X eq2
               A|X eq2
               C|X eq2
               U|X eq2

des [1 2  0 1  2 0 0 0 0
                3 0  3 0 -1 0
                0 0 -1 0  0 0 0 0 0
               -1 0  0 0  0 0]
sta A|X [.5 .5 .5 .5 0 1.0]
           sta C|X [.9 .1 0  .3 .3 .3 .3 .3 .3]
           sta U|X [1.0 0 .5 .5 .5 .5]

dat [419 71 35 25 2 5 270 42 25 16 4 5 23 6 4 2 1 0 43 9 9 3 2 2 26 1 3 2 0 0 85 13 23 12 6 8]
ite 10000
see 1273



*** STATISTICS ***

  Number of iterations = 263
  Converge criterion   = 0.0000009625
  Seed random values   = 1273

  X-squared            = 27.0160 (0.1703)
  L-squared            = 25.5894 (0.2225)
  Cressie-Read         = 26.0216 (0.2056)
  Dissimilarity index  = 0.0285
  Degrees of freedom   = 21
  Log-likelihood       = -2756.39407
  Number of parameters = 14 (+1)
  Sample size          = 1202.0
  BIC(L-squared)       = -123.3372
  AIC(L-squared)       = -16.4106
  BIC(log-likelihood)  = 5612.0725
  AIC(log-likelihood)  = 5540.7881

WARNING: no information is provided on identification of parameters



*** FREQUENCIES ***

  P A C U     observed  estimated  std. res.
  1 1 1 1     419.000    418.363      0.031
  1 1 1 2      71.000     66.350      0.571
  1 1 2 1      35.000     36.069     -0.178
  1 1 2 2      25.000     25.246     -0.049
  1 1 3 1       2.000      2.856     -0.507
  1 1 3 2       5.000      5.605     -0.255
  1 2 1 1     270.000    269.650      0.021
  1 2 1 2      42.000     44.298     -0.345
  1 2 2 1      25.000     26.310     -0.255
  1 2 2 2      16.000     16.862     -0.210
  1 2 3 1       4.000      3.413      0.318
  1 2 3 2       5.000      3.978      0.512
  2 1 1 1      23.000     28.271     -0.991
  2 1 1 2       6.000      4.484      0.716
  2 1 2 1       4.000      2.437      1.001
  2 1 2 2       2.000      1.706      0.225
  2 1 3 1       1.000      0.193      1.837
  2 1 3 2       0.000      0.379     -0.615
  2 2 1 1      43.000     39.019      0.637
  2 2 1 2       9.000      9.377     -0.123
  2 2 2 1       9.000      9.733     -0.235
  2 2 2 2       3.000      3.581     -0.307
  2 2 3 1       2.000      3.536     -0.817
  2 2 3 2       2.000      1.284      0.632
  3 1 1 1      26.000     24.930      0.214
  3 1 1 2       1.000      3.954     -1.485
  3 1 2 1       3.000      2.149      0.580
  3 1 2 2       2.000      1.504      0.404
  3 1 3 1       0.000      0.170     -0.413
  3 1 3 2       0.000      0.334     -0.578
  3 2 1 1      85.000     77.737      0.824
  3 2 1 2      13.000     21.568     -1.845
  3 2 2 1      23.000     25.156     -0.430
  3 2 2 2      12.000      8.245      1.308
  3 2 3 1       6.000     10.006     -1.266
  3 2 3 2       8.000      3.246      2.639



*** PSEUDO R-SQUARED MEASURES ***

* P(P|X) *
                         baseline   fitted   R-squared
  entropy                 0.7006    0.4970    0.2906
  qualitative variance    0.1929    0.1262    0.3456
  classification error    0.2354    0.1484    0.3698
  -2/N*log-likelihood     1.4012    0.9941    0.2906/0.2893
  likelihood^(-2/N)       4.0600    2.7022    0.3344/0.4437

* P(A|X) *
                         baseline   fitted   R-squared
  entropy                 0.6923    0.5604    0.1906
  qualitative variance    0.2496    0.1990    0.2029
  classification error    0.4800    0.3223    0.3286
  -2/N*log-likelihood     1.3847    1.1208    0.1906/0.2088
  likelihood^(-2/N)       3.9936    3.0673    0.2320/0.3094

* P(C|X) *
                         baseline   fitted   R-squared
  entropy                 0.5182    0.4438    0.1434
  qualitative variance    0.1392    0.1248    0.1031
  classification error    0.1614    0.1614    0.0000
  -2/N*log-likelihood     1.0363    0.8877    0.1434/0.1294
  likelihood^(-2/N)       2.8188    2.4295    0.1381/0.2140

* P(U|X) *
                         baseline   fitted   R-squared
  entropy                 0.4784    0.2285    0.5224
  qualitative variance    0.1506    0.0782    0.4808
  classification error    0.1847    0.1123    0.3921
  -2/N*log-likelihood     0.9569    0.4570    0.5224/0.3333
  likelihood^(-2/N)       2.6035    1.5793    0.3934/0.6387



*** LOG-LINEAR PARAMETERS ***

* TABLE X [or P(X)] *

  effect           beta   exp(beta)
  X 
   1             0.7966      2.2180 
   2            -0.2255      0.7981 
   3            -0.5711      0.5649 



*** (CONDITIONAL) PROBABILITIES ***

* P(X) *

  1              0.6194
  2              0.2229
  3              0.1577

* P(P|X) *

  1 | 1          0.8872
  2 | 1          0.0600
  3 | 1          0.0529
  1 | 2          0.8872
  2 | 2          0.0600
  3 | 2          0.0529
  1 | 3          0.1098
  2 | 3          0.2284
  3 | 3          0.6618

* P(A|X) *

  1 | 1          0.6173
  2 | 1          0.3827
  1 | 2          0.6173
  2 | 2          0.3827
  1 | 3          0.0000 *
  2 | 3          1.0000 *

* P(C|X) *

  1 | 1          0.9431
  2 | 1          0.0569
  3 | 1          0.0000 *
  1 | 2          0.6826
  2 | 2          0.2597
  3 | 2          0.0577
  1 | 3          0.6487
  2 | 3          0.2481
  3 | 3          0.1031

* P(U|X) *

  1 | 1          1.0000 *
  2 | 1          0.0000 *
  1 | 2          0.3376
  2 | 2          0.6624
  1 | 3          0.7651
  2 | 3          0.2349



*** LATENT CLASS OUTPUT ***

          X  1    X  2    X  3
         0.6194  0.2229  0.1577
  P  1   0.8872  0.8872  0.1098
  P  2   0.0600  0.0600  0.2284
  P  3   0.0529  0.0529  0.6618
  A  1   0.6173  0.6173  0.0000
  A  2   0.3827  0.3827  1.0000
  C  1   0.9431  0.6826  0.6487
  C  2   0.0569  0.2597  0.2481
  C  3   0.0000  0.0577  0.1031
  U  1   1.0000  0.3376  0.7651
  U  2   0.0000  0.6624  0.2349

E = 0.1215, lambda = 0.6807
